#
# There is insufficient memory for the Java Runtime Environment to continue.
# Native memory allocation (malloc) failed to allocate 1224336 bytes for Chunk::new
# Possible reasons:
#   The system is out of physical RAM or swap space
#   The process is running with CompressedOops enabled, and the Java Heap may be blocking the growth of the native heap
# Possible solutions:
#   Reduce memory load on the system
#   Increase physical memory or swap space
#   Check if swap backing store is full
#   Decrease Java heap size (-Xmx/-Xms)
#   Decrease number of Java threads
#   Decrease Java thread stack sizes (-Xss)
#   Set larger code cache with -XX:ReservedCodeCacheSize=
#   JVM is running with Unscaled Compressed Oops mode in which the Java heap is
#     placed in the first 4GB address space. The Java Heap base address is the
#     maximum limit for the native heap growth. Please use -XX:HeapBaseMinAddress
#     to set the Java Heap base and to place the Java Heap above 4GB virtual address.
# This output file may be truncated or incomplete.
#
#  Out of Memory Error (arena.cpp:184), pid=10444, tid=10428
#
# JRE version: Java(TM) SE Runtime Environment (18.0+36) (build 18+36-2087)
# Java VM: Java HotSpot(TM) 64-Bit Server VM (18+36-2087, mixed mode, sharing, tiered, compressed oops, compressed class ptrs, g1 gc, windows-amd64)
# No core dump will be written. Minidumps are not enabled by default on client versions of Windows
#

---------------  S U M M A R Y ------------

Command Line: ar.com.argentinaprograma.backend.BackendApplication

Host: Intel(R) Core(TM) i5-6200U CPU @ 2.30GHz, 4 cores, 7G,  Windows 10 , 64 bit Build 19041 (10.0.19041.1706)
Time: Mon May 23 12:45:19 2022 Hora estándar de Argentina elapsed time: 11.187152 seconds (0d 0h 0m 11s)

---------------  T H R E A D  ---------------

Current thread (0x00000237d39c0a80):  JavaThread "C2 CompilerThread0" daemon [_thread_in_native, id=10428, stack(0x0000007c22200000,0x0000007c22300000)]


Current CompileTask:
C2:  11187 5550       4       org.springframework.transaction.annotation.AnnotationTransactionAttributeSource::determineTransactionAttribute (51 bytes)

Stack: [0x0000007c22200000,0x0000007c22300000]
Native frames: (J=compiled Java code, j=interpreted, Vv=VM code, C=native code)
V  [jvm.dll+0x69804a]
V  [jvm.dll+0x7f308d]
V  [jvm.dll+0x7f499e]
V  [jvm.dll+0x7f5053]
V  [jvm.dll+0x25ca3f]
V  [jvm.dll+0xb8c2f]
V  [jvm.dll+0xb8fa5]
V  [jvm.dll+0x2c794f]
V  [jvm.dll+0x59fdb0]
V  [jvm.dll+0x238398]
V  [jvm.dll+0x2319c5]
V  [jvm.dll+0x22eeeb]
V  [jvm.dll+0x1b9cfc]
V  [jvm.dll+0x23e8ca]
V  [jvm.dll+0x23cbac]
V  [jvm.dll+0x7a5781]
V  [jvm.dll+0x79fbba]
V  [jvm.dll+0x696ef5]
C  [ucrtbase.dll+0x21bb2]
C  [KERNEL32.DLL+0x17034]
C  [ntdll.dll+0x52651]


---------------  P R O C E S S  ---------------

Threads class SMR info:
_java_thread_list=0x00000237db4dded0, length=21, elements={
0x00000237b61452d0, 0x00000237d399cfc0, 0x00000237d39a02e0, 0x00000237d39bbe90,
0x00000237d39bc740, 0x00000237d39bd790, 0x00000237d39c1190, 0x00000237d39c0a80,
0x00000237d39e5b40, 0x00000237d39f9b40, 0x00000237d7ca8e30, 0x00000237d7cc27c0,
0x00000237d86ecd10, 0x00000237d86eb9d0, 0x00000237d9078190, 0x00000237d90777f0,
0x00000237d90794d0, 0x00000237d9074ca0, 0x00000237d9076980, 0x00000237d9072fc0,
0x00000237d98cfd10
}

Java Threads: ( => current thread )
  0x00000237b61452d0 JavaThread "main" [_thread_blocked, id=7692, stack(0x0000007c21500000,0x0000007c21600000)]
  0x00000237d399cfc0 JavaThread "Reference Handler" daemon [_thread_blocked, id=14292, stack(0x0000007c21c00000,0x0000007c21d00000)]
  0x00000237d39a02e0 JavaThread "Finalizer" daemon [_thread_blocked, id=2252, stack(0x0000007c21d00000,0x0000007c21e00000)]
  0x00000237d39bbe90 JavaThread "Signal Dispatcher" daemon [_thread_blocked, id=8060, stack(0x0000007c21e00000,0x0000007c21f00000)]
  0x00000237d39bc740 JavaThread "Attach Listener" daemon [_thread_blocked, id=11212, stack(0x0000007c21f00000,0x0000007c22000000)]
  0x00000237d39bd790 JavaThread "Service Thread" daemon [_thread_blocked, id=4824, stack(0x0000007c22000000,0x0000007c22100000)]
  0x00000237d39c1190 JavaThread "Monitor Deflation Thread" daemon [_thread_blocked, id=14316, stack(0x0000007c22100000,0x0000007c22200000)]
=>0x00000237d39c0a80 JavaThread "C2 CompilerThread0" daemon [_thread_in_native, id=10428, stack(0x0000007c22200000,0x0000007c22300000)]
  0x00000237d39e5b40 JavaThread "C1 CompilerThread0" daemon [_thread_blocked, id=9556, stack(0x0000007c22300000,0x0000007c22400000)]
  0x00000237d39f9b40 JavaThread "Sweeper thread" daemon [_thread_blocked, id=10928, stack(0x0000007c22400000,0x0000007c22500000)]
  0x00000237d7ca8e30 JavaThread "Notification Thread" daemon [_thread_blocked, id=13068, stack(0x0000007c22500000,0x0000007c22600000)]
  0x00000237d7cc27c0 JavaThread "Common-Cleaner" daemon [_thread_blocked, id=6340, stack(0x0000007c22700000,0x0000007c22800000)]
  0x00000237d86ecd10 JavaThread "Thread-0" [_thread_blocked, id=10616, stack(0x0000007c22c00000,0x0000007c22d00000)]
  0x00000237d86eb9d0 JavaThread "restartedMain" [_thread_in_Java, id=13504, stack(0x0000007c22d00000,0x0000007c22e00000)]
  0x00000237d9078190 JavaThread "Catalina-utility-1" [_thread_blocked, id=12228, stack(0x0000007c22f00000,0x0000007c23000000)]
  0x00000237d90777f0 JavaThread "Catalina-utility-2" [_thread_blocked, id=12472, stack(0x0000007c23000000,0x0000007c23100000)]
  0x00000237d90794d0 JavaThread "container-0" [_thread_blocked, id=3772, stack(0x0000007c23100000,0x0000007c23200000)]
  0x00000237d9074ca0 JavaThread "mysql-cj-abandoned-connection-cleanup" daemon [_thread_blocked, id=1732, stack(0x0000007c23200000,0x0000007c23300000)]
  0x00000237d9076980 JavaThread "HikariPool-1 housekeeper" daemon [_thread_blocked, id=13936, stack(0x0000007c23400000,0x0000007c23500000)]
  0x00000237d9072fc0 JavaThread "HikariPool-1 connection adder" daemon [_thread_blocked, id=236, stack(0x0000007c23500000,0x0000007c23600000)]
  0x00000237d98cfd10 JavaThread "C2 CompilerThread1" daemon [_thread_in_native, id=7548, stack(0x0000007c22e00000,0x0000007c22f00000)]

Other Threads:
  0x00000237d3999910 VMThread "VM Thread" [stack: 0x0000007c21b00000,0x0000007c21c00000] [id=14208]
  0x00000237d7cbd760 WatcherThread "VM Periodic Task Thread" [stack: 0x0000007c22600000,0x0000007c22700000] [id=11300]
  0x00000237b61a36e0 WorkerThread "GC Thread#0" [stack: 0x0000007c21600000,0x0000007c21700000] [id=5852]
  0x00000237d82beae0 WorkerThread "GC Thread#1" [stack: 0x0000007c22800000,0x0000007c22900000] [id=1280]
  0x00000237d82bed80 WorkerThread "GC Thread#2" [stack: 0x0000007c22900000,0x0000007c22a00000] [id=7584]
  0x00000237d841a290 WorkerThread "GC Thread#3" [stack: 0x0000007c22a00000,0x0000007c22b00000] [id=11244]
  0x00000237b61b5a50 ConcurrentGCThread "G1 Main Marker" [stack: 0x0000007c21700000,0x0000007c21800000] [id=3504]
  0x00000237b61b6440 WorkerThread "G1 Conc#0" [stack: 0x0000007c21800000,0x0000007c21900000] [id=4524]
  0x00000237b61f4ea0 ConcurrentGCThread "G1 Refine#0" [stack: 0x0000007c21900000,0x0000007c21a00000] [id=812]
  0x00000237d82bf020 ConcurrentGCThread "G1 Refine#1" [stack: 0x0000007c22b00000,0x0000007c22c00000] [id=9248]
  0x00000237b61f66d0 ConcurrentGCThread "G1 Service" [stack: 0x0000007c21a00000,0x0000007c21b00000] [id=3964]

Threads with active compile tasks:
C2 CompilerThread0    11268 5550       4       org.springframework.transaction.annotation.AnnotationTransactionAttributeSource::determineTransactionAttribute (51 bytes)
C2 CompilerThread1    11269 5592       4       org.springframework.beans.factory.support.AbstractBeanFactory::isTypeMatch (607 bytes)

VM state: not at safepoint (normal execution)

VM Mutex/Monitor currently owned by a thread: None

Heap address: 0x0000000082200000, size: 2014 MB, Compressed Oops mode: 32-bit

CDS archive(s) mapped at: [0x0000000800000000-0x0000000800ba0000-0x0000000800ba0000), size 12189696, SharedBaseAddress: 0x0000000800000000, ArchiveRelocationMode: 0.
Compressed class space mapped at: 0x0000000800c00000-0x0000000840c00000, reserved size: 1073741824
Narrow klass base: 0x0000000800000000, Narrow klass shift: 0, Narrow klass range: 0x100000000

GC Precious Log:
 CardTable entry size: 512
 Card Set container configuration: InlinePtr #cards 5 size 8 Array Of Cards #cards 12 size 40 Howl #buckets 4 coarsen threshold 1843 Howl Bitmap #cards 512 size 80 coarsen threshold 460 Card regions per heap region 1 cards per card region 2048
 CPUs: 4 total, 4 available
 Memory: 8048M
 Large Page Support: Disabled
 NUMA Support: Disabled
 Compressed Oops: Enabled (32-bit)
 Heap Region Size: 1M
 Heap Min Capacity: 8M
 Heap Initial Capacity: 126M
 Heap Max Capacity: 2014M
 Pre-touch: Disabled
 Parallel Workers: 4
 Concurrent Workers: 1
 Concurrent Refinement Workers: 4
 Periodic GC: Disabled

Heap:
 garbage-first heap   total 58368K, used 38423K [0x0000000082200000, 0x0000000100000000)
  region size 1024K, 14 young (14336K), 3 survivors (3072K)
 Metaspace       used 52997K, committed 53440K, reserved 1114112K
  class space    used 6956K, committed 7168K, reserved 1048576K

Heap Regions: E=young(eden), S=young(survivor), O=old, HS=humongous(starts), HC=humongous(continues), CS=collection set, F=free, OA=open archive, CA=closed archive, TAMS=top-at-mark-start (previous, next)
|   0|0x0000000082200000, 0x0000000082300000, 0x0000000082300000|100%|HS|  |TAMS 0x0000000082300000, 0x0000000082200000| Complete 
|   1|0x0000000082300000, 0x0000000082400000, 0x0000000082400000|100%| O|  |TAMS 0x0000000082400000, 0x0000000082300000| Untracked 
|   2|0x0000000082400000, 0x0000000082500000, 0x0000000082500000|100%| O|  |TAMS 0x0000000082500000, 0x0000000082400000| Untracked 
|   3|0x0000000082500000, 0x0000000082600000, 0x0000000082600000|100%| O|  |TAMS 0x0000000082600000, 0x0000000082500000| Untracked 
|   4|0x0000000082600000, 0x0000000082700000, 0x0000000082700000|100%| O|  |TAMS 0x0000000082700000, 0x0000000082600000| Untracked 
|   5|0x0000000082700000, 0x0000000082800000, 0x0000000082800000|100%| O|  |TAMS 0x0000000082800000, 0x0000000082700000| Untracked 
|   6|0x0000000082800000, 0x0000000082851600, 0x0000000082900000| 31%| O|  |TAMS 0x0000000082851600, 0x0000000082800000| Untracked 
|   7|0x0000000082900000, 0x0000000082a00000, 0x0000000082a00000|100%| O|  |TAMS 0x0000000082a00000, 0x0000000082900000| Untracked 
|   8|0x0000000082a00000, 0x0000000082b00000, 0x0000000082b00000|100%| O|  |TAMS 0x0000000082b00000, 0x0000000082a00000| Untracked 
|   9|0x0000000082b00000, 0x0000000082c00000, 0x0000000082c00000|100%| O|  |TAMS 0x0000000082c00000, 0x0000000082b00000| Untracked 
|  10|0x0000000082c00000, 0x0000000082d00000, 0x0000000082d00000|100%| O|  |TAMS 0x0000000082d00000, 0x0000000082c00000| Untracked 
|  11|0x0000000082d00000, 0x0000000082e00000, 0x0000000082e00000|100%| O|  |TAMS 0x0000000082e00000, 0x0000000082d00000| Untracked 
|  12|0x0000000082e00000, 0x0000000082f00000, 0x0000000082f00000|100%| O|  |TAMS 0x0000000082f00000, 0x0000000082e00000| Untracked 
|  13|0x0000000082f00000, 0x0000000083000000, 0x0000000083000000|100%| O|  |TAMS 0x0000000083000000, 0x0000000082f00000| Untracked 
|  14|0x0000000083000000, 0x0000000083100000, 0x0000000083100000|100%| O|  |TAMS 0x0000000083100000, 0x0000000083000000| Untracked 
|  15|0x0000000083100000, 0x0000000083200000, 0x0000000083200000|100%| O|  |TAMS 0x0000000083200000, 0x0000000083100000| Untracked 
|  16|0x0000000083200000, 0x0000000083300000, 0x0000000083300000|100%| O|  |TAMS 0x0000000083272a00, 0x0000000083200000| Untracked 
|  17|0x0000000083300000, 0x0000000083400000, 0x0000000083400000|100%| O|  |TAMS 0x0000000083300000, 0x0000000083300000| Untracked 
|  18|0x0000000083400000, 0x0000000083500000, 0x0000000083500000|100%| O|  |TAMS 0x0000000083400000, 0x0000000083400000| Untracked 
|  19|0x0000000083500000, 0x0000000083600000, 0x0000000083600000|100%| O|  |TAMS 0x0000000083600000, 0x0000000083500000| Untracked 
|  20|0x0000000083600000, 0x0000000083700000, 0x0000000083700000|100%| O|  |TAMS 0x0000000083600000, 0x0000000083600000| Untracked 
|  21|0x0000000083700000, 0x0000000083800000, 0x0000000083800000|100%| O|  |TAMS 0x0000000083700000, 0x0000000083700000| Untracked 
|  22|0x0000000083800000, 0x0000000083900000, 0x0000000083900000|100%| O|  |TAMS 0x0000000083800000, 0x0000000083800000| Untracked 
|  23|0x0000000083900000, 0x0000000083a00000, 0x0000000083a00000|100%| O|  |TAMS 0x0000000083900000, 0x0000000083900000| Untracked 
|  24|0x0000000083a00000, 0x0000000083b00000, 0x0000000083b00000|100%| O|  |TAMS 0x0000000083a00000, 0x0000000083a00000| Untracked 
|  25|0x0000000083b00000, 0x0000000083b34600, 0x0000000083c00000| 20%| O|  |TAMS 0x0000000083b00000, 0x0000000083b00000| Untracked 
|  26|0x0000000083c00000, 0x0000000083c00000, 0x0000000083d00000|  0%| F|  |TAMS 0x0000000083c00000, 0x0000000083c00000| Untracked 
|  27|0x0000000083d00000, 0x0000000083d00000, 0x0000000083e00000|  0%| F|  |TAMS 0x0000000083d00000, 0x0000000083d00000| Untracked 
|  28|0x0000000083e00000, 0x0000000083e00000, 0x0000000083f00000|  0%| F|  |TAMS 0x0000000083e00000, 0x0000000083e00000| Untracked 
|  29|0x0000000083f00000, 0x0000000083f00000, 0x0000000084000000|  0%| F|  |TAMS 0x0000000083f00000, 0x0000000083f00000| Untracked 
|  30|0x0000000084000000, 0x0000000084000000, 0x0000000084100000|  0%| F|  |TAMS 0x0000000084000000, 0x0000000084000000| Untracked 
|  31|0x0000000084100000, 0x0000000084100000, 0x0000000084200000|  0%| F|  |TAMS 0x0000000084100000, 0x0000000084100000| Untracked 
|  32|0x0000000084200000, 0x0000000084200000, 0x0000000084300000|  0%| F|  |TAMS 0x0000000084200000, 0x0000000084200000| Untracked 
|  33|0x0000000084300000, 0x0000000084400000, 0x0000000084400000|100%| S|CS|TAMS 0x0000000084300000, 0x0000000084300000| Complete 
|  34|0x0000000084400000, 0x0000000084500000, 0x0000000084500000|100%| S|CS|TAMS 0x0000000084400000, 0x0000000084400000| Complete 
|  35|0x0000000084500000, 0x0000000084500000, 0x0000000084600000|  0%| F|  |TAMS 0x0000000084500000, 0x0000000084500000| Untracked 
|  36|0x0000000084600000, 0x0000000084700000, 0x0000000084700000|100%| S|CS|TAMS 0x0000000084600000, 0x0000000084600000| Complete 
|  37|0x0000000084700000, 0x0000000084700000, 0x0000000084800000|  0%| F|  |TAMS 0x0000000084700000, 0x0000000084700000| Untracked 
|  38|0x0000000084800000, 0x0000000084800000, 0x0000000084900000|  0%| F|  |TAMS 0x0000000084800000, 0x0000000084800000| Untracked 
|  39|0x0000000084900000, 0x0000000084900000, 0x0000000084a00000|  0%| F|  |TAMS 0x0000000084900000, 0x0000000084900000| Untracked 
|  40|0x0000000084a00000, 0x0000000084a00000, 0x0000000084b00000|  0%| F|  |TAMS 0x0000000084a00000, 0x0000000084a00000| Untracked 
|  41|0x0000000084b00000, 0x0000000084b00000, 0x0000000084c00000|  0%| F|  |TAMS 0x0000000084b00000, 0x0000000084b00000| Untracked 
|  42|0x0000000084c00000, 0x0000000084c00000, 0x0000000084d00000|  0%| F|  |TAMS 0x0000000084c00000, 0x0000000084c00000| Untracked 
|  43|0x0000000084d00000, 0x0000000084d00000, 0x0000000084e00000|  0%| F|  |TAMS 0x0000000084d00000, 0x0000000084d00000| Untracked 
|  44|0x0000000084e00000, 0x0000000084e00000, 0x0000000084f00000|  0%| F|  |TAMS 0x0000000084e00000, 0x0000000084e00000| Untracked 
|  45|0x0000000084f00000, 0x0000000084f00000, 0x0000000085000000|  0%| F|  |TAMS 0x0000000084f00000, 0x0000000084f00000| Untracked 
|  46|0x0000000085000000, 0x000000008505b3b8, 0x0000000085100000| 35%| E|  |TAMS 0x0000000085000000, 0x0000000085000000| Complete 
|  47|0x0000000085100000, 0x0000000085200000, 0x0000000085200000|100%| E|CS|TAMS 0x0000000085100000, 0x0000000085100000| Complete 
|  48|0x0000000085200000, 0x0000000085300000, 0x0000000085300000|100%| E|CS|TAMS 0x0000000085200000, 0x0000000085200000| Complete 
|  49|0x0000000085300000, 0x0000000085400000, 0x0000000085400000|100%| E|CS|TAMS 0x0000000085300000, 0x0000000085300000| Complete 
|  60|0x0000000085e00000, 0x0000000085f00000, 0x0000000085f00000|100%| E|CS|TAMS 0x0000000085e00000, 0x0000000085e00000| Complete 
|  61|0x0000000085f00000, 0x0000000086000000, 0x0000000086000000|100%| E|CS|TAMS 0x0000000085f00000, 0x0000000085f00000| Complete 
|  62|0x0000000086000000, 0x0000000086100000, 0x0000000086100000|100%| E|CS|TAMS 0x0000000086000000, 0x0000000086000000| Complete 
|  63|0x0000000086100000, 0x0000000086200000, 0x0000000086200000|100%| E|CS|TAMS 0x0000000086100000, 0x0000000086100000| Complete 
|  64|0x0000000086200000, 0x0000000086300000, 0x0000000086300000|100%| E|CS|TAMS 0x0000000086200000, 0x0000000086200000| Complete 
|  65|0x0000000086300000, 0x0000000086400000, 0x0000000086400000|100%| E|CS|TAMS 0x0000000086300000, 0x0000000086300000| Complete 
| 125|0x0000000089f00000, 0x000000008a000000, 0x000000008a000000|100%| E|CS|TAMS 0x0000000089f00000, 0x0000000089f00000| Complete 

Card table byte_map: [0x00000237cce50000,0x00000237cd240000] _byte_map_base: 0x00000237cca3f000

Marking Bits (Prev, Next): (CMBitMap*) 0x00000237b61a4cf0, (CMBitMap*) 0x00000237b61a4d30
 Prev Bits: [0x00000237cd630000, 0x00000237cf5a8000)
 Next Bits: [0x00000237cf5b0000, 0x00000237d1528000)

Polling page: 0x00000237b3ff0000

Metaspace:

Usage:
  Non-class:     44.96 MB used.
      Class:      6.79 MB used.
       Both:     51.76 MB used.

Virtual space:
  Non-class space:       64.00 MB reserved,      45.19 MB ( 71%) committed,  1 nodes.
      Class space:        1.00 GB reserved,       7.00 MB ( <1%) committed,  1 nodes.
             Both:        1.06 GB reserved,      52.19 MB (  5%) committed. 

Chunk freelists:
   Non-Class:  2.85 MB
       Class:  1.03 MB
        Both:  3.88 MB

MaxMetaspaceSize: unlimited
CompressedClassSpaceSize: 1.00 GB
Initial GC threshold: 21.00 MB
Current GC threshold: 59.38 MB
CDS: on
MetaspaceReclaimPolicy: balanced
 - commit_granule_bytes: 65536.
 - commit_granule_words: 8192.
 - virtual_space_node_default_size: 8388608.
 - enlarge_chunks_in_place: 1.
 - new_chunks_are_fully_committed: 0.
 - uncommit_free_chunks: 1.
 - use_allocation_guard: 0.


Internal statistics:

num_allocs_failed_limit: 9.
num_arena_births: 572.
num_arena_deaths: 0.
num_vsnodes_births: 2.
num_vsnodes_deaths: 0.
num_space_committed: 835.
num_space_uncommitted: 0.
num_chunks_returned_to_freelist: 9.
num_chunks_taken_from_freelist: 2406.
num_chunk_merges: 9.
num_chunk_splits: 1764.
num_chunks_enlarged: 1426.
num_inconsistent_stats: 0.

CodeHeap 'non-profiled nmethods': size=120000Kb used=2806Kb max_used=2806Kb free=117193Kb
 bounds [0x00000237c5530000, 0x00000237c5810000, 0x00000237cca60000]
CodeHeap 'profiled nmethods': size=120000Kb used=10466Kb max_used=11541Kb free=109533Kb
 bounds [0x00000237be000000, 0x00000237beb50000, 0x00000237c5530000]
CodeHeap 'non-nmethods': size=5760Kb used=1292Kb max_used=1366Kb free=4467Kb
 bounds [0x00000237bda60000, 0x00000237bdcd0000, 0x00000237be000000]
 total_blobs=5462 nmethods=4863 adapters=509
 compilation: enabled
              stopped_count=0, restarted_count=0
 full_count=0

Compilation events (20 events):
Event: 11.141 Thread 0x00000237d39e5b40 5625       3       java.lang.invoke.InvokerBytecodeGenerator::classData (170 bytes)
Event: 11.142 Thread 0x00000237d39e5b40 nmethod 5625 0x00000237be02e810 code [0x00000237be02eaa0, 0x00000237be02f808]
Event: 11.142 Thread 0x00000237d39e5b40 5624       3       java.lang.invoke.InvokerBytecodeGenerator::generateCustomizedCodeBytes (44 bytes)
Event: 11.143 Thread 0x00000237d39e5b40 nmethod 5624 0x00000237be02df10 code [0x00000237be02e120, 0x00000237be02e558]
Event: 11.146 Thread 0x00000237d39e5b40 5626   !   3       org.springframework.beans.factory.support.DefaultSingletonBeanRegistry::getSingleton (147 bytes)
Event: 11.146 Thread 0x00000237d39e5b40 nmethod 5626 0x00000237be253b10 code [0x00000237be253d80, 0x00000237be254ae8]
Event: 11.155 Thread 0x00000237d39e5b40 5627       3       sun.reflect.generics.tree.SimpleClassTypeSignature::accept (8 bytes)
Event: 11.155 Thread 0x00000237d39e5b40 nmethod 5627 0x00000237be253410 code [0x00000237be2535e0, 0x00000237be2538c8]
Event: 11.155 Thread 0x00000237d39e5b40 5628       3       sun.reflect.generics.visitor.Reifier::visitSimpleClassTypeSignature (18 bytes)
Event: 11.156 Thread 0x00000237d39e5b40 nmethod 5628 0x00000237be111d90 code [0x00000237be111f40, 0x00000237be112148]
Event: 11.163 Thread 0x00000237d39e5b40 5629       1       java.lang.ThreadLocal::initialValue (2 bytes)
Event: 11.163 Thread 0x00000237d39e5b40 nmethod 5629 0x00000237c5603810 code [0x00000237c56039a0, 0x00000237c5603a78]
Event: 11.163 Thread 0x00000237d39e5b40 5630       3       java.lang.invoke.MethodHandles$Lookup::findVirtual (91 bytes)
Event: 11.164 Thread 0x00000237d39e5b40 nmethod 5630 0x00000237be110910 code [0x00000237be110bc0, 0x00000237be111888]
Event: 11.172 Thread 0x00000237d39e5b40 5631       1       org.springframework.beans.factory.config.DependencyDescriptor::resolveShortcut (2 bytes)
Event: 11.172 Thread 0x00000237d39e5b40 nmethod 5631 0x00000237c56a2c10 code [0x00000237c56a2da0, 0x00000237c56a2e78]
Event: 11.173 Thread 0x00000237d39e5b40 5632       3       org.springframework.beans.factory.support.ConstructorResolver::setCurrentInjectionPoint (32 bytes)
Event: 11.173 Thread 0x00000237d39e5b40 nmethod 5632 0x00000237be7a9790 code [0x00000237be7a9980, 0x00000237be7a9fc8]
Event: 11.175 Thread 0x00000237d39e5b40 5633   !   3       java.lang.invoke.MethodHandleImpl$1::findVirtual (14 bytes)
Event: 11.175 Thread 0x00000237d39e5b40 nmethod 5633 0x00000237bea32d90 code [0x00000237bea32f40, 0x00000237bea330c8]

GC Heap History (20 events):
Event: 4.906 GC heap before
{Heap before GC invocations=5 (full 0):
 garbage-first heap   total 48128K, used 34997K [0x0000000082200000, 0x0000000100000000)
  region size 1024K, 28 young (28672K), 6 survivors (6144K)
 Metaspace       used 25305K, committed 25664K, reserved 1114112K
  class space    used 3154K, committed 3328K, reserved 1048576K
}
Event: 4.921 GC heap after
{Heap after GC invocations=6 (full 0):
 garbage-first heap   total 48128K, used 15368K [0x0000000082200000, 0x0000000100000000)
  region size 1024K, 4 young (4096K), 4 survivors (4096K)
 Metaspace       used 25305K, committed 25664K, reserved 1114112K
  class space    used 3154K, committed 3328K, reserved 1048576K
}
Event: 5.536 GC heap before
{Heap before GC invocations=6 (full 0):
 garbage-first heap   total 48128K, used 30728K [0x0000000082200000, 0x0000000100000000)
  region size 1024K, 20 young (20480K), 4 survivors (4096K)
 Metaspace       used 28620K, committed 28928K, reserved 1114112K
  class space    used 3496K, committed 3648K, reserved 1048576K
}
Event: 5.544 GC heap after
{Heap after GC invocations=7 (full 0):
 garbage-first heap   total 48128K, used 17069K [0x0000000082200000, 0x0000000100000000)
  region size 1024K, 2 young (2048K), 2 survivors (2048K)
 Metaspace       used 28620K, committed 28928K, reserved 1114112K
  class space    used 3496K, committed 3648K, reserved 1048576K
}
Event: 6.080 GC heap before
{Heap before GC invocations=7 (full 0):
 garbage-first heap   total 48128K, used 33453K [0x0000000082200000, 0x0000000100000000)
  region size 1024K, 18 young (18432K), 2 survivors (2048K)
 Metaspace       used 30334K, committed 30720K, reserved 1114112K
  class space    used 3746K, committed 3968K, reserved 1048576K
}
Event: 6.086 GC heap after
{Heap after GC invocations=8 (full 0):
 garbage-first heap   total 48128K, used 18741K [0x0000000082200000, 0x0000000100000000)
  region size 1024K, 2 young (2048K), 2 survivors (2048K)
 Metaspace       used 30334K, committed 30720K, reserved 1114112K
  class space    used 3746K, committed 3968K, reserved 1048576K
}
Event: 6.652 GC heap before
{Heap before GC invocations=8 (full 0):
 garbage-first heap   total 48128K, used 34101K [0x0000000082200000, 0x0000000100000000)
  region size 1024K, 17 young (17408K), 2 survivors (2048K)
 Metaspace       used 34763K, committed 35200K, reserved 1114112K
  class space    used 4464K, committed 4672K, reserved 1048576K
}
Event: 6.656 GC heap after
{Heap after GC invocations=9 (full 0):
 garbage-first heap   total 58368K, used 19368K [0x0000000082200000, 0x0000000100000000)
  region size 1024K, 3 young (3072K), 3 survivors (3072K)
 Metaspace       used 34763K, committed 35200K, reserved 1114112K
  class space    used 4464K, committed 4672K, reserved 1048576K
}
Event: 6.763 GC heap before
{Heap before GC invocations=9 (full 0):
 garbage-first heap   total 58368K, used 20392K [0x0000000082200000, 0x0000000100000000)
  region size 1024K, 6 young (6144K), 3 survivors (3072K)
 Metaspace       used 35621K, committed 35968K, reserved 1114112K
  class space    used 4577K, committed 4736K, reserved 1048576K
}
Event: 6.770 GC heap after
{Heap after GC invocations=10 (full 0):
 garbage-first heap   total 58368K, used 19500K [0x0000000082200000, 0x0000000100000000)
  region size 1024K, 1 young (1024K), 1 survivors (1024K)
 Metaspace       used 35621K, committed 35968K, reserved 1114112K
  class space    used 4577K, committed 4736K, reserved 1048576K
}
Event: 7.616 GC heap before
{Heap before GC invocations=11 (full 0):
 garbage-first heap   total 58368K, used 43052K [0x0000000082200000, 0x0000000100000000)
  region size 1024K, 25 young (25600K), 1 survivors (1024K)
 Metaspace       used 43186K, committed 43648K, reserved 1114112K
  class space    used 5508K, committed 5696K, reserved 1048576K
}
Event: 7.621 GC heap after
{Heap after GC invocations=12 (full 0):
 garbage-first heap   total 58368K, used 22171K [0x0000000082200000, 0x0000000100000000)
  region size 1024K, 4 young (4096K), 4 survivors (4096K)
 Metaspace       used 43186K, committed 43648K, reserved 1114112K
  class space    used 5508K, committed 5696K, reserved 1048576K
}
Event: 8.831 GC heap before
{Heap before GC invocations=12 (full 0):
 garbage-first heap   total 58368K, used 43675K [0x0000000082200000, 0x0000000100000000)
  region size 1024K, 25 young (25600K), 4 survivors (4096K)
 Metaspace       used 47557K, committed 48000K, reserved 1114112K
  class space    used 6206K, committed 6400K, reserved 1048576K
}
Event: 8.838 GC heap after
{Heap after GC invocations=13 (full 0):
 garbage-first heap   total 58368K, used 23305K [0x0000000082200000, 0x0000000100000000)
  region size 1024K, 2 young (2048K), 2 survivors (2048K)
 Metaspace       used 47557K, committed 48000K, reserved 1114112K
  class space    used 6206K, committed 6400K, reserved 1048576K
}
Event: 9.853 GC heap before
{Heap before GC invocations=13 (full 0):
 garbage-first heap   total 58368K, used 42761K [0x0000000082200000, 0x0000000100000000)
  region size 1024K, 22 young (22528K), 2 survivors (2048K)
 Metaspace       used 50210K, committed 50688K, reserved 1114112K
  class space    used 6563K, committed 6784K, reserved 1048576K
}
Event: 9.859 GC heap after
{Heap after GC invocations=14 (full 0):
 garbage-first heap   total 58368K, used 24774K [0x0000000082200000, 0x0000000100000000)
  region size 1024K, 3 young (3072K), 3 survivors (3072K)
 Metaspace       used 50210K, committed 50688K, reserved 1114112K
  class space    used 6563K, committed 6784K, reserved 1048576K
}
Event: 10.193 GC heap before
{Heap before GC invocations=14 (full 0):
 garbage-first heap   total 58368K, used 44230K [0x0000000082200000, 0x0000000100000000)
  region size 1024K, 22 young (22528K), 3 survivors (3072K)
 Metaspace       used 51325K, committed 51776K, reserved 1114112K
  class space    used 6700K, committed 6912K, reserved 1048576K
}
Event: 10.198 GC heap after
{Heap after GC invocations=15 (full 0):
 garbage-first heap   total 58368K, used 25851K [0x0000000082200000, 0x0000000100000000)
  region size 1024K, 2 young (2048K), 2 survivors (2048K)
 Metaspace       used 51325K, committed 51776K, reserved 1114112K
  class space    used 6700K, committed 6912K, reserved 1048576K
}
Event: 10.909 GC heap before
{Heap before GC invocations=15 (full 0):
 garbage-first heap   total 58368K, used 45307K [0x0000000082200000, 0x0000000100000000)
  region size 1024K, 21 young (21504K), 2 survivors (2048K)
 Metaspace       used 52251K, committed 52672K, reserved 1114112K
  class space    used 6835K, committed 7040K, reserved 1048576K
}
Event: 10.915 GC heap after
{Heap after GC invocations=16 (full 0):
 garbage-first heap   total 58368K, used 28183K [0x0000000082200000, 0x0000000100000000)
  region size 1024K, 3 young (3072K), 3 survivors (3072K)
 Metaspace       used 52251K, committed 52672K, reserved 1114112K
  class space    used 6835K, committed 7040K, reserved 1048576K
}

Deoptimization events (20 events):
Event: 10.824 Thread 0x00000237d86eb9d0 Uncommon trap: trap_request=0xffffffde fr.pc=0x00000237c5562280 relative=0x0000000000000600
Event: 10.824 Thread 0x00000237d86eb9d0 Uncommon trap: reason=class_check action=maybe_recompile pc=0x00000237c5562280 method=org.springframework.core.annotation.AnnotationsScanner.processMethodAnnotations(Ljava/lang/Object;ILjava/lang/reflect/Method;Lorg/springframework/core/annotation/Annotat
Event: 10.824 Thread 0x00000237d86eb9d0 DEOPT PACKING pc=0x00000237c5562280 sp=0x0000007c22dfd630
Event: 10.824 Thread 0x00000237d86eb9d0 DEOPT UNPACKING pc=0x00000237bdab23a3 sp=0x0000007c22dfd618 mode 2
Event: 11.084 Thread 0x00000237d86eb9d0 Uncommon trap: trap_request=0xffffff45 fr.pc=0x00000237c57a9348 relative=0x0000000000000048
Event: 11.084 Thread 0x00000237d86eb9d0 Uncommon trap: reason=unstable_if action=reinterpret pc=0x00000237c57a9348 method=jdk.internal.reflect.DirectMethodHandleAccessor.checkArgumentCount(I[Ljava/lang/Object;)V @ 2 c2
Event: 11.084 Thread 0x00000237d86eb9d0 DEOPT PACKING pc=0x00000237c57a9348 sp=0x0000007c22dfc880
Event: 11.084 Thread 0x00000237d86eb9d0 DEOPT UNPACKING pc=0x00000237bdab23a3 sp=0x0000007c22dfc800 mode 2
Event: 11.098 Thread 0x00000237d86eb9d0 Uncommon trap: trap_request=0xffffff45 fr.pc=0x00000237c56b8cdc relative=0x0000000000002dbc
Event: 11.098 Thread 0x00000237d86eb9d0 Uncommon trap: reason=unstable_if action=reinterpret pc=0x00000237c56b8cdc method=org.springframework.core.ResolvableType.resolveType()Lorg/springframework/core/ResolvableType; @ 37 c2
Event: 11.098 Thread 0x00000237d86eb9d0 DEOPT PACKING pc=0x00000237c56b8cdc sp=0x0000007c22df9620
Event: 11.098 Thread 0x00000237d86eb9d0 DEOPT UNPACKING pc=0x00000237bdab23a3 sp=0x0000007c22df9638 mode 2
Event: 11.106 Thread 0x00000237d86eb9d0 Uncommon trap: trap_request=0xffffff45 fr.pc=0x00000237c57fe1b0 relative=0x0000000000004a50
Event: 11.106 Thread 0x00000237d86eb9d0 Uncommon trap: reason=unstable_if action=reinterpret pc=0x00000237c57fe1b0 method=java.lang.reflect.Executable.getGenericExceptionTypes()[Ljava/lang/reflect/Type; @ 17 c2
Event: 11.106 Thread 0x00000237d86eb9d0 DEOPT PACKING pc=0x00000237c57fe1b0 sp=0x0000007c22df8ec0
Event: 11.106 Thread 0x00000237d86eb9d0 DEOPT UNPACKING pc=0x00000237bdab23a3 sp=0x0000007c22df8d00 mode 2
Event: 11.144 Thread 0x00000237d86eb9d0 Uncommon trap: trap_request=0xffffff45 fr.pc=0x00000237c56b0ae8 relative=0x0000000000000448
Event: 11.144 Thread 0x00000237d86eb9d0 Uncommon trap: reason=unstable_if action=reinterpret pc=0x00000237c56b0ae8 method=org.springframework.beans.factory.support.DefaultSingletonBeanRegistry.getSingleton(Ljava/lang/String;Z)Ljava/lang/Object; @ 39 c2
Event: 11.144 Thread 0x00000237d86eb9d0 DEOPT PACKING pc=0x00000237c56b0ae8 sp=0x0000007c22dfa250
Event: 11.144 Thread 0x00000237d86eb9d0 DEOPT UNPACKING pc=0x00000237bdab23a3 sp=0x0000007c22dfa1e8 mode 2

Classes loaded (20 events):
Event: 11.111 Loading class java/lang/IterableCustomizer
Event: 11.111 Loading class java/lang/IterableCustomizer done
Event: 11.111 Loading class java/lang/IterableCustomizer
Event: 11.111 Loading class java/lang/IterableCustomizer done
Event: 11.112 Loading class java/lang/IterableCustomizer
Event: 11.112 Loading class java/lang/IterableCustomizer done
Event: 11.112 Loading class java/lang/IterableCustomizer
Event: 11.112 Loading class java/lang/IterableCustomizer done
Event: 11.133 Loading class java/lang/ObjectCustomizer
Event: 11.133 Loading class java/lang/ObjectCustomizer done
Event: 11.133 Loading class java/lang/ObjectCustomizer
Event: 11.133 Loading class java/lang/ObjectCustomizer done
Event: 11.153 Loading class java/lang/ObjectCustomizer
Event: 11.153 Loading class java/lang/ObjectCustomizer done
Event: 11.153 Loading class java/lang/ObjectCustomizer
Event: 11.153 Loading class java/lang/ObjectCustomizer done
Event: 11.169 Loading class java/lang/ObjectCustomizer
Event: 11.169 Loading class java/lang/ObjectCustomizer done
Event: 11.169 Loading class java/lang/ObjectCustomizer
Event: 11.169 Loading class java/lang/ObjectCustomizer done

Classes unloaded (0 events):
No events

Classes redefined (0 events):
No events

Internal exceptions (20 events):
Event: 11.134 Thread 0x00000237d86eb9d0 Exception <a 'java/lang/ClassNotFoundException'{0x0000000085e3e7e8}: java/lang/ObjectCustomizer> (0x0000000085e3e7e8) 
thrown [t:\workspace\open\src\hotspot\share\classfile\systemDictionary.cpp, line 255]
Event: 11.134 Thread 0x00000237d86eb9d0 Exception <a 'java/lang/ClassNotFoundException'{0x0000000085e46d50}: org/springframework/hateoas/server/core/AbstractEntityLinksCustomizer> (0x0000000085e46d50) 
thrown [t:\workspace\open\src\hotspot\share\classfile\systemDictionary.cpp, line 255]
Event: 11.135 Thread 0x00000237d86eb9d0 Exception <a 'java/lang/ClassNotFoundException'{0x0000000085e4e3e0}: org/springframework/data/rest/webmvc/support/RepositoryEntityLinksCustomizer> (0x0000000085e4e3e0) 
thrown [t:\workspace\open\src\hotspot\share\classfile\systemDictionary.cpp, line 255]
Event: 11.137 Thread 0x00000237d86eb9d0 Exception <a 'java/lang/ClassNotFoundException'{0x0000000085e65c28}: org/springframework/hateoas/server/EntityLinksCustomizer> (0x0000000085e65c28) 
thrown [t:\workspace\open\src\hotspot\share\classfile\systemDictionary.cpp, line 255]
Event: 11.139 Thread 0x00000237d86eb9d0 Exception <a 'java/lang/ClassNotFoundException'{0x0000000085e77900}: org/springframework/plugin/core/PluginCustomizer> (0x0000000085e77900) 
thrown [t:\workspace\open\src\hotspot\share\classfile\systemDictionary.cpp, line 255]
Event: 11.153 Thread 0x00000237d86eb9d0 Exception <a 'java/lang/ClassNotFoundException'{0x0000000085ee6e10}: java/lang/ObjectCustomizer> (0x0000000085ee6e10) 
thrown [t:\workspace\open\src\hotspot\share\classfile\systemDictionary.cpp, line 255]
Event: 11.154 Thread 0x00000237d86eb9d0 Exception <a 'java/lang/ClassNotFoundException'{0x0000000085eedd00}: org/springframework/core/convert/support/GenericConversionServiceCustomizer> (0x0000000085eedd00) 
thrown [t:\workspace\open\src\hotspot\share\classfile\systemDictionary.cpp, line 255]
Event: 11.155 Thread 0x00000237d86eb9d0 Exception <a 'java/lang/ClassNotFoundException'{0x0000000085efd820}: org/springframework/format/support/FormattingConversionServiceCustomizer> (0x0000000085efd820) 
thrown [t:\workspace\open\src\hotspot\share\classfile\systemDictionary.cpp, line 255]
Event: 11.156 Thread 0x00000237d86eb9d0 Exception <a 'java/lang/ClassNotFoundException'{0x000000008530adc0}: org/springframework/format/support/DefaultFormattingConversionServiceCustomizer> (0x000000008530adc0) 
thrown [t:\workspace\open\src\hotspot\share\classfile\systemDictionary.cpp, line 255]
Event: 11.156 Thread 0x00000237d86eb9d0 Exception <a 'java/lang/ClassNotFoundException'{0x00000000853111b0}: org/springframework/boot/autoconfigure/web/format/WebConversionServiceCustomizer> (0x00000000853111b0) 
thrown [t:\workspace\open\src\hotspot\share\classfile\systemDictionary.cpp, line 255]
Event: 11.157 Thread 0x00000237d86eb9d0 Exception <a 'java/lang/ClassNotFoundException'{0x0000000085318f30}: org/springframework/format/FormatterRegistryCustomizer> (0x0000000085318f30) 
thrown [t:\workspace\open\src\hotspot\share\classfile\systemDictionary.cpp, line 255]
Event: 11.158 Thread 0x00000237d86eb9d0 Exception <a 'java/lang/ClassNotFoundException'{0x0000000085323990}: org/springframework/core/convert/converter/ConverterRegistryCustomizer> (0x0000000085323990) 
thrown [t:\workspace\open\src\hotspot\share\classfile\systemDictionary.cpp, line 255]
Event: 11.158 Thread 0x00000237d86eb9d0 Exception <a 'java/lang/ClassNotFoundException'{0x000000008532d688}: org/springframework/context/EmbeddedValueResolverAwareCustomizer> (0x000000008532d688) 
thrown [t:\workspace\open\src\hotspot\share\classfile\systemDictionary.cpp, line 255]
Event: 11.159 Thread 0x00000237d86eb9d0 Exception <a 'java/lang/ClassNotFoundException'{0x0000000085331c70}: org/springframework/beans/factory/AwareCustomizer> (0x0000000085331c70) 
thrown [t:\workspace\open\src\hotspot\share\classfile\systemDictionary.cpp, line 255]
Event: 11.159 Thread 0x00000237d86eb9d0 Exception <a 'java/lang/ClassNotFoundException'{0x00000000853358b0}: org/springframework/core/convert/support/ConfigurableConversionServiceCustomizer> (0x00000000853358b0) 
thrown [t:\workspace\open\src\hotspot\share\classfile\systemDictionary.cpp, line 255]
Event: 11.160 Thread 0x00000237d86eb9d0 Exception <a 'java/lang/ClassNotFoundException'{0x00000000853393a0}: org/springframework/core/convert/ConversionServiceCustomizer> (0x00000000853393a0) 
thrown [t:\workspace\open\src\hotspot\share\classfile\systemDictionary.cpp, line 255]
Event: 11.160 Thread 0x00000237d86eb9d0 Exception <a 'java/lang/ClassNotFoundException'{0x0000000085340960}: org/springframework/core/convert/converter/ConverterRegistryCustomizer> (0x0000000085340960) 
thrown [t:\workspace\open\src\hotspot\share\classfile\systemDictionary.cpp, line 255]
Event: 11.169 Thread 0x00000237d86eb9d0 Exception <a 'java/lang/ClassNotFoundException'{0x00000000853752e8}: java/lang/ObjectCustomizer> (0x00000000853752e8) 
thrown [t:\workspace\open\src\hotspot\share\classfile\systemDictionary.cpp, line 255]
Event: 11.170 Thread 0x00000237d86eb9d0 Exception <a 'java/lang/ClassNotFoundException'{0x000000008537c480}: org/springframework/web/servlet/config/annotation/WebMvcConfigurationSupport$NoOpValidatorCustomizer> (0x000000008537c480) 
thrown [t:\workspace\open\src\hotspot\share\classfile\systemDictionary.cpp, line 255]
Event: 11.171 Thread 0x00000237d86eb9d0 Exception <a 'java/lang/ClassNotFoundException'{0x0000000085382af8}: org/springframework/validation/ValidatorCustomizer> (0x0000000085382af8) 
thrown [t:\workspace\open\src\hotspot\share\classfile\systemDictionary.cpp, line 255]

VM Operations (20 events):
Event: 9.618 Executing VM operation: HandshakeAllThreads
Event: 9.618 Executing VM operation: HandshakeAllThreads done
Event: 9.618 Executing VM operation: HandshakeAllThreads
Event: 9.618 Executing VM operation: HandshakeAllThreads done
Event: 9.808 Executing VM operation: ICBufferFull
Event: 9.824 Executing VM operation: ICBufferFull done
Event: 9.853 Executing VM operation: G1CollectForAllocation
Event: 9.859 Executing VM operation: G1CollectForAllocation done
Event: 10.039 Executing VM operation: HandshakeAllThreads
Event: 10.039 Executing VM operation: HandshakeAllThreads done
Event: 10.181 Executing VM operation: ICBufferFull
Event: 10.181 Executing VM operation: ICBufferFull done
Event: 10.193 Executing VM operation: G1CollectForAllocation
Event: 10.198 Executing VM operation: G1CollectForAllocation done
Event: 10.588 Executing VM operation: HandshakeAllThreads
Event: 10.588 Executing VM operation: HandshakeAllThreads done
Event: 10.643 Executing VM operation: ICBufferFull
Event: 10.643 Executing VM operation: ICBufferFull done
Event: 10.909 Executing VM operation: G1CollectForAllocation
Event: 10.915 Executing VM operation: G1CollectForAllocation done

Events (20 events):
Event: 9.607 Thread 0x00000237d39f9b40 flushing nmethod 0x00000237be9bdd90
Event: 9.607 Thread 0x00000237d39f9b40 flushing nmethod 0x00000237be9be810
Event: 9.607 Thread 0x00000237d39f9b40 flushing nmethod 0x00000237be9bee10
Event: 9.607 Thread 0x00000237d39f9b40 flushing nmethod 0x00000237be9ed410
Event: 9.607 Thread 0x00000237d39f9b40 flushing nmethod 0x00000237bea16690
Event: 9.607 Thread 0x00000237d39f9b40 flushing nmethod 0x00000237bea18c10
Event: 9.607 Thread 0x00000237d39f9b40 flushing nmethod 0x00000237bea19b10
Event: 9.607 Thread 0x00000237d39f9b40 flushing nmethod 0x00000237bea1aa90
Event: 9.607 Thread 0x00000237d39f9b40 flushing nmethod 0x00000237bea32d90
Event: 9.607 Thread 0x00000237d39f9b40 flushing nmethod 0x00000237bea34110
Event: 9.607 Thread 0x00000237d39f9b40 flushing nmethod 0x00000237bea38410
Event: 9.607 Thread 0x00000237d39f9b40 flushing nmethod 0x00000237bea3a990
Event: 9.607 Thread 0x00000237d39f9b40 flushing nmethod 0x00000237bea3f690
Event: 9.607 Thread 0x00000237d39f9b40 flushing nmethod 0x00000237bea44d90
Event: 9.607 Thread 0x00000237d39f9b40 flushing nmethod 0x00000237bea47590
Event: 9.607 Thread 0x00000237d39f9b40 flushing nmethod 0x00000237bea48e90
Event: 9.607 Thread 0x00000237d39f9b40 flushing nmethod 0x00000237bea54710
Event: 9.608 Thread 0x00000237d39f9b40 flushing nmethod 0x00000237beadf690
Event: 9.608 Thread 0x00000237d39f9b40 flushing nmethod 0x00000237beadfe90
Event: 9.608 Thread 0x00000237d39f9b40 flushing nmethod 0x00000237beae1690


Dynamic libraries:
0x00007ff754040000 - 0x00007ff754050000 	C:\Program Files\Java\jdk-18\bin\java.exe
0x00007ff8c82b0000 - 0x00007ff8c84a5000 	C:\WINDOWS\SYSTEM32\ntdll.dll
0x00007ff88f0f0000 - 0x00007ff88f106000 	C:\Program Files\AVAST Software\Avast\aswhook.dll
0x00007ff8c6830000 - 0x00007ff8c68ed000 	C:\WINDOWS\System32\KERNEL32.DLL
0x00007ff8c5ac0000 - 0x00007ff8c5d8d000 	C:\WINDOWS\System32\KERNELBASE.dll
0x00007ff8c59c0000 - 0x00007ff8c5ac0000 	C:\WINDOWS\System32\ucrtbase.dll
0x00007ff89bf20000 - 0x00007ff89bf38000 	C:\Program Files\Java\jdk-18\bin\jli.dll
0x00007ff8c0930000 - 0x00007ff8c094a000 	C:\Program Files\Java\jdk-18\bin\VCRUNTIME140.dll
0x00007ff8c7430000 - 0x00007ff8c74de000 	C:\WINDOWS\System32\ADVAPI32.dll
0x00007ff8c6790000 - 0x00007ff8c682e000 	C:\WINDOWS\System32\msvcrt.dll
0x00007ff8c6bc0000 - 0x00007ff8c6c5c000 	C:\WINDOWS\System32\sechost.dll
0x00007ff8c6440000 - 0x00007ff8c6565000 	C:\WINDOWS\System32\RPCRT4.dll
0x00007ff8c7230000 - 0x00007ff8c73d0000 	C:\WINDOWS\System32\USER32.dll
0x00007ff8b2d50000 - 0x00007ff8b2fea000 	C:\WINDOWS\WinSxS\amd64_microsoft.windows.common-controls_6595b64144ccf1df_6.0.19041.1110_none_60b5254171f9507e\COMCTL32.dll
0x00007ff8c6220000 - 0x00007ff8c6242000 	C:\WINDOWS\System32\win32u.dll
0x00007ff8c7d10000 - 0x00007ff8c7d3a000 	C:\WINDOWS\System32\GDI32.dll
0x00007ff8c5f90000 - 0x00007ff8c609b000 	C:\WINDOWS\System32\gdi32full.dll
0x00007ff8c5d90000 - 0x00007ff8c5e2d000 	C:\WINDOWS\System32\msvcp_win.dll
0x00007ff8be700000 - 0x00007ff8be70a000 	C:\WINDOWS\SYSTEM32\VERSION.dll
0x00007ff8c6580000 - 0x00007ff8c65b0000 	C:\WINDOWS\System32\IMM32.DLL
0x00007ff8c1180000 - 0x00007ff8c118c000 	C:\Program Files\Java\jdk-18\bin\vcruntime140_1.dll
0x00007ff898230000 - 0x00007ff8982bd000 	C:\Program Files\Java\jdk-18\bin\msvcp140.dll
0x00007ff86f970000 - 0x00007ff870581000 	C:\Program Files\Java\jdk-18\bin\server\jvm.dll
0x00007ff8c71c0000 - 0x00007ff8c71c8000 	C:\WINDOWS\System32\PSAPI.DLL
0x00007ff8b08f0000 - 0x00007ff8b0917000 	C:\WINDOWS\SYSTEM32\WINMM.dll
0x00007ff8af630000 - 0x00007ff8af639000 	C:\WINDOWS\SYSTEM32\WSOCK32.dll
0x00007ff8c6aa0000 - 0x00007ff8c6b0b000 	C:\WINDOWS\System32\WS2_32.dll
0x00007ff8c3910000 - 0x00007ff8c3922000 	C:\WINDOWS\SYSTEM32\kernel.appcore.dll
0x00007ff8c0450000 - 0x00007ff8c045a000 	C:\Program Files\Java\jdk-18\bin\jimage.dll
0x00007ff8c31b0000 - 0x00007ff8c3394000 	C:\WINDOWS\SYSTEM32\DBGHELP.DLL
0x00007ff8b6ad0000 - 0x00007ff8b6afc000 	C:\WINDOWS\SYSTEM32\dbgcore.DLL
0x00007ff8c60d0000 - 0x00007ff8c6152000 	C:\WINDOWS\System32\bcryptPrimitives.dll
0x00007ff8c0900000 - 0x00007ff8c0925000 	C:\Program Files\Java\jdk-18\bin\java.dll
0x00007ff88d260000 - 0x00007ff88d336000 	C:\Program Files\Java\jdk-18\bin\jsvml.dll
0x00007ff8c75c0000 - 0x00007ff8c7d04000 	C:\WINDOWS\System32\SHELL32.dll
0x00007ff8c3ac0000 - 0x00007ff8c4254000 	C:\WINDOWS\SYSTEM32\windows.storage.dll
0x00007ff8c6c70000 - 0x00007ff8c6fc4000 	C:\WINDOWS\System32\combase.dll
0x00007ff8c53b0000 - 0x00007ff8c53dc000 	C:\WINDOWS\SYSTEM32\Wldp.dll
0x00007ff8c65b0000 - 0x00007ff8c665d000 	C:\WINDOWS\System32\SHCORE.dll
0x00007ff8c6380000 - 0x00007ff8c63d5000 	C:\WINDOWS\System32\shlwapi.dll
0x00007ff8c5900000 - 0x00007ff8c591f000 	C:\WINDOWS\SYSTEM32\profapi.dll
0x00007ff8b4120000 - 0x00007ff8b4133000 	C:\Program Files\Java\jdk-18\bin\net.dll
0x00007ff8b30f0000 - 0x00007ff8b31fa000 	C:\WINDOWS\SYSTEM32\WINHTTP.dll
0x00007ff8c50b0000 - 0x00007ff8c511a000 	C:\WINDOWS\system32\mswsock.dll
0x00007ff8b3d40000 - 0x00007ff8b3d56000 	C:\Program Files\Java\jdk-18\bin\nio.dll
0x00007ff8b3360000 - 0x00007ff8b3378000 	C:\Program Files\Java\jdk-18\bin\zip.dll
0x00007ff8c0440000 - 0x00007ff8c0450000 	C:\Program Files\Java\jdk-18\bin\verify.dll
0x00007ff8c03f0000 - 0x00007ff8c03f9000 	C:\Program Files\Java\jdk-18\bin\management.dll
0x00007ff8c03d0000 - 0x00007ff8c03db000 	C:\Program Files\Java\jdk-18\bin\management_ext.dll
0x00007ff8a80a0000 - 0x00007ff8a80b7000 	C:\WINDOWS\system32\napinsp.dll
0x00007ff8a8080000 - 0x00007ff8a809b000 	C:\WINDOWS\system32\pnrpnsp.dll
0x00007ff8a8060000 - 0x00007ff8a8075000 	C:\WINDOWS\system32\wshbth.dll
0x00007ff8c1040000 - 0x00007ff8c105d000 	C:\WINDOWS\system32\NLAapi.dll
0x00007ff8c4da0000 - 0x00007ff8c4ddb000 	C:\WINDOWS\SYSTEM32\IPHLPAPI.DLL
0x00007ff8c4de0000 - 0x00007ff8c4eab000 	C:\WINDOWS\SYSTEM32\DNSAPI.dll
0x00007ff8c6570000 - 0x00007ff8c6578000 	C:\WINDOWS\System32\NSI.dll
0x00007ff8a8040000 - 0x00007ff8a8052000 	C:\WINDOWS\System32\winrnr.dll
0x00007ff8b06b0000 - 0x00007ff8b06ba000 	C:\Windows\System32\rasadhlp.dll
0x00007ff8b3050000 - 0x00007ff8b30d0000 	C:\WINDOWS\System32\fwpuclnt.dll
0x00007ff8c60a0000 - 0x00007ff8c60c7000 	C:\WINDOWS\System32\bcrypt.dll
0x00007ff8c52a0000 - 0x00007ff8c52b8000 	C:\WINDOWS\SYSTEM32\CRYPTSP.dll
0x00007ff8c4a30000 - 0x00007ff8c4a64000 	C:\WINDOWS\system32\rsaenh.dll
0x00007ff8c5880000 - 0x00007ff8c58ae000 	C:\WINDOWS\SYSTEM32\USERENV.dll
0x00007ff8c52c0000 - 0x00007ff8c52cc000 	C:\WINDOWS\SYSTEM32\CRYPTBASE.dll
0x00007ff8bc9c0000 - 0x00007ff8bc9d7000 	C:\WINDOWS\SYSTEM32\dhcpcsvc6.DLL
0x00007ff8bd8b0000 - 0x00007ff8bd8cd000 	C:\WINDOWS\SYSTEM32\dhcpcsvc.DLL
0x00007ff8b3b00000 - 0x00007ff8b3b0e000 	C:\Program Files\Java\jdk-18\bin\sunmscapi.dll
0x00007ff8c5e30000 - 0x00007ff8c5f86000 	C:\WINDOWS\System32\CRYPT32.dll
0x00007ff8c5440000 - 0x00007ff8c5467000 	C:\WINDOWS\SYSTEM32\ncrypt.dll
0x00007ff8c53e0000 - 0x00007ff8c541b000 	C:\WINDOWS\SYSTEM32\NTASN1.dll

dbghelp: loaded successfully - version: 4.0.5 - missing functions: none
symbol engine: initialized successfully - sym options: 0x614 - pdb path: .;C:\Program Files\Java\jdk-18\bin;C:\WINDOWS\SYSTEM32;C:\Program Files\AVAST Software\Avast;C:\WINDOWS\WinSxS\amd64_microsoft.windows.common-controls_6595b64144ccf1df_6.0.19041.1110_none_60b5254171f9507e;C:\Program Files\Java\jdk-18\bin\server

VM Arguments:
java_command: ar.com.argentinaprograma.backend.BackendApplication
java_class_path (initial): C:\Java\backend\target\classes;C:\Users\xMARTOx\.m2\repository\org\springframework\boot\spring-boot-starter-data-jpa\2.7.0\spring-boot-starter-data-jpa-2.7.0.jar;C:\Users\xMARTOx\.m2\repository\org\springframework\boot\spring-boot-starter-aop\2.7.0\spring-boot-starter-aop-2.7.0.jar;C:\Users\xMARTOx\.m2\repository\org\springframework\spring-aop\5.3.20\spring-aop-5.3.20.jar;C:\Users\xMARTOx\.m2\repository\org\aspectj\aspectjweaver\1.9.7\aspectjweaver-1.9.7.jar;C:\Users\xMARTOx\.m2\repository\org\springframework\boot\spring-boot-starter-jdbc\2.7.0\spring-boot-starter-jdbc-2.7.0.jar;C:\Users\xMARTOx\.m2\repository\com\zaxxer\HikariCP\4.0.3\HikariCP-4.0.3.jar;C:\Users\xMARTOx\.m2\repository\org\springframework\spring-jdbc\5.3.20\spring-jdbc-5.3.20.jar;C:\Users\xMARTOx\.m2\repository\jakarta\transaction\jakarta.transaction-api\1.3.3\jakarta.transaction-api-1.3.3.jar;C:\Users\xMARTOx\.m2\repository\jakarta\persistence\jakarta.persistence-api\2.2.3\jakarta.persistence-api-2.2.3.jar;C:\Users\xMARTOx\.m2\repository\org\hibernate\hibernate-core\5.6.9.Final\hibernate-core-5.6.9.Final.jar;C:\Users\xMARTOx\.m2\repository\org\jboss\logging\jboss-logging\3.4.3.Final\jboss-logging-3.4.3.Final.jar;C:\Users\xMARTOx\.m2\repository\net\bytebuddy\byte-buddy\1.12.10\byte-buddy-1.12.10.jar;C:\Users\xMARTOx\.m2\repository\antlr\antlr\2.7.7\antlr-2.7.7.jar;C:\Users\xMARTOx\.m2\repository\org\jboss\jandex\2.4.2.Final\jandex-2.4.2.Final.jar;C:\Users\xMARTOx\.m2\repository\com\fasterxml\classmate\1.5.1\classmate-1.5.1.jar;C:\Users\xMARTOx\.m2\repository\org\hibernate\common\hibernate-commons-annotations\5.1.2.Final\hibernate-commons-annotations-5.1.2.Final.jar;C:\Users\xMARTOx\.m2\repository\org\glassfish\jaxb\jaxb-runtime\2.3.6\jaxb-runtime-2.3.6.jar;C:\Users\xMARTOx\.m2\repository\org\glassfish\jaxb\txw2\2.3.6\txw2-2.3.6.jar;C:\Users\xMARTOx\.m2\repository\com\sun\istack\istack-commons-runtime\3.0.12\istack-commons-runtime-3.0.12.jar;C:\Users\xMARTOx\.m2\repository\org\springframework\data\spring-data-jpa\2.7.0\spring-data-jpa-2.7.0.jar;C:\Users\xMARTOx\.m2\repository\org\springframework\data\spring-data-commons\2.7.0\spring-data-commons-2.7.0.jar;C:\Users\xMARTOx\.m2\repository\org\springframework\spring-orm\5.3.20\spring-orm-5.3.20.jar;C:\Users\xMARTOx\.m2\repository\org\springframework\spring-context\5.3.20\spring-context-5.3.20.jar;C:\Users\xMARTOx\.m2\repository\org\springframework\spring-expression\5.3.20\spring-expression-5.3.20.jar;C:\Users\xMARTOx\.m2\repository\org\springframework\spring-tx\5.3.20\spring-tx-5.3.20.jar;C:\Users\xMARTOx\.m2\repository\org\springframework\spring-beans\5.3.20\spring-beans-5.3.20.jar;C:\Users\xMARTOx\.m2\repository\org\slf4j\slf4j-api\1.7.36\slf4j-api-1.7.36.jar;C:\Users\xMARTOx\.m2\repository\org\springframework\spring-aspects\5.3.20\spring-aspects-5.3.20.jar;C:\Users\xMARTOx\.m2\repository\org\springframework\boot\spring-boot-starter-data-rest\2.7.0\spring-boot-starter-data-rest-2.7.0.jar;C:\Users\xMARTOx\.m2\repository\org\springframework\boot\spring-boot-starter-web\2.7.0\spring-boot-starter-web-2.7.0.jar;C:\Users\xMARTOx\.m2\repository\org\springframework\boot\spring-boot-starter-json\2.7.0\spring-boot-starter-json-2.7.0.jar;C:\Users\xMARTOx\.m2\repository\com\fasterxml\jackson\datatype\jackson-datatype-jdk8\2.13.3\jackson-datatype-jdk8-2.13.3.jar;C:\Users\xMARTOx\.m2\repository\com\fasterxml\jackson\datatype\jackson-datatype-jsr310\2.13.3\jackson-datatype-jsr310-2.13.3.jar;C:\Users\xMARTOx\.m2\repository\com\fasterxml\jackson\module\jackson-module-parameter-names\2.13.3\jackson-module-parameter-names-2.13.3.jar;C:\Users\xMARTOx\.m2\repository\org\springframework\boot\spring-boot-starter-tomcat\2.7.0\spring-boot-starter-tomcat-2.7.0.jar;C:\Users\xMARTOx\.m2\repository\org\apache\tomcat\embed\tomcat-embed-core\9.0.63\tomcat-embed-core-9.0.63.jar;C:\Users\xMARTOx\.m2\repository\org\apache\tomcat\embed\tomcat-embed-el\9.0.63\tomcat-embed-el-9.0.63.jar;C:\Users\xMARTOx\.m2\repository\org\apache\tomcat\embed\tomcat-embed-websocket\9.0.63\tomcat-embed-websocket-9.0.63.jar;C:\Users\xMARTOx\.m2\repository\org\springframework\spring-web\5.3.20\spring-web-5.3.20.jar;C:\Users\xMARTOx\.m2\repository\org\springframework\spring-webmvc\5.3.20\spring-webmvc-5.3.20.jar;C:\Users\xMARTOx\.m2\repository\org\springframework\data\spring-data-rest-webmvc\3.7.0\spring-data-rest-webmvc-3.7.0.jar;C:\Users\xMARTOx\.m2\repository\org\springframework\data\spring-data-rest-core\3.7.0\spring-data-rest-core-3.7.0.jar;C:\Users\xMARTOx\.m2\repository\org\springframework\hateoas\spring-hateoas\1.5.0\spring-hateoas-1.5.0.jar;C:\Users\xMARTOx\.m2\repository\org\springframework\plugin\spring-plugin-core\2.0.0.RELEASE\spring-plugin-core-2.0.0.RELEASE.jar;C:\Users\xMARTOx\.m2\repository\org\atteo\evo-inflector\1.3\evo-inflector-1.3.jar;C:\Users\xMARTOx\.m2\repository\com\fasterxml\jackson\core\jackson-databind\2.13.3\jackson-databind-2.13.3.jar;C:\Users\xMARTOx\.m2\repository\com\fasterxml\jackson\core\jackson-core\2.13.3\jackson-core-2.13.3.jar;C:\Users\xMARTOx\.m2\repository\com\fasterxml\jackson\core\jackson-annotations\2.13.3\jackson-annotations-2.13.3.jar;C:\Users\xMARTOx\.m2\repository\org\springframework\boot\spring-boot-starter-web-services\2.7.0\spring-boot-starter-web-services-2.7.0.jar;C:\Users\xMARTOx\.m2\repository\com\sun\xml\messaging\saaj\saaj-impl\1.5.3\saaj-impl-1.5.3.jar;C:\Users\xMARTOx\.m2\repository\jakarta\xml\soap\jakarta.xml.soap-api\1.4.2\jakarta.xml.soap-api-1.4.2.jar;C:\Users\xMARTOx\.m2\repository\org\jvnet\staxex\stax-ex\1.8.3\stax-ex-1.8.3.jar;C:\Users\xMARTOx\.m2\repository\com\sun\activation\jakarta.activation\1.2.2\jakarta.activation-1.2.2.jar;C:\Users\xMARTOx\.m2\repository\jakarta\xml\ws\jakarta.xml.ws-api\2.3.3\jakarta.xml.ws-api-2.3.3.jar;C:\Users\xMARTOx\.m2\repository\jakarta\jws\jakarta.jws-api\2.1.0\jakarta.jws-api-2.1.0.jar;C:\Users\xMARTOx\.m2\repository\org\springframework\spring-oxm\5.3.20\spring-oxm-5.3.20.jar;C:\Users\xMARTOx\.m2\repository\org\springframework\ws\spring-ws-core\3.1.3\spring-ws-core-3.1.3.jar;C:\Users\xMARTOx\.m2\repository\org\springframework\ws\spring-xml\3.1.3\spring-xml-3.1.3.jar;C:\Users\xMARTOx\.m2\repository\org\springframework\boot\spring-boot-devtools\2.7.0\spring-boot-devtools-2.7.0.jar;C:\Users\xMARTOx\.m2\repository\org\springframework\boot\spring-boot\2.7.0\spring-boot-2.7.0.jar;C:\Users\xMARTOx\.m2\repository\org\springframework\boot\spring-boot-autoconfigure\2.7.0\spring-boot-autoconfigure-2.7.0.jar;C:\Users\xMARTOx\.m2\repository\mysql\mysql-connector-java\8.0.29\mysql-connector-java-8.0.29.jar;C:\Users\xMARTOx\.m2\repository\org\springframework\boot\spring-boot-starter\2.7.0\spring-boot-starter-2.7.0.jar;C:\Users\xMARTOx\.m2\repository\org\springframework\boot\spring-boot-starter-logging\2.7.0\spring-boot-starter-logging-2.7.0.jar;C:\Users\xMARTOx\.m2\repository\ch\qos\logback\logback-classic\1.2.11\logback-classic-1.2.11.jar;C:\Users\xMARTOx\.m2\repository\ch\qos\logback\logback-core\1.2.11\logback-core-1.2.11.jar;C:\Users\xMARTOx\.m2\repository\org\apache\logging\log4j\log4j-to-slf4j\2.17.2\log4j-to-slf4j-2.17.2.jar;C:\Users\xMARTOx\.m2\repository\org\apache\logging\log4j\log4j-api\2.17.2\log4j-api-2.17.2.jar;C:\Users\xMARTOx\.m2\repository\org\slf4j\jul-to-slf4j\1.7.36\jul-to-slf4j-1.7.36.jar;C:\Users\xMARTOx\.m2\repository\jakarta\annotation\jakarta.annotation-api\1.3.5\jakarta.annotation-api-1.3.5.jar;C:\Users\xMARTOx\.m2\repository\org\yaml\snakeyaml\1.30\snakeyaml-1.30.jar;C:\Users\xMARTOx\.m2\repository\com\jayway\jsonpath\json-path\2.7.0\json-path-2.7.0.jar;C:\Users\xMARTOx\.m2\repository\net\minidev\json-smart\2.4.8\json-smart-2.4.8.jar;C:\Users\xMARTOx\.m2\repository\net\minidev\accessors-smart\2.4.8\accessors-smart-2.4.8.jar;C:\Users\xMARTOx\.m2\repository\org\ow2\asm\asm\9.1\asm-9.1.jar;C:\Users\xMARTOx\.m2\repository\jakarta\xml\bind\jakarta.xml.bind-api\2.3.3\jakarta.xml.bind-api-2.3.3.jar;C:\Users\xMARTOx\.m2\repository\jakarta\activation\jakarta.activation-api\1.2.2\jakarta.activation-api-1.2.2.jar;C:\Users\xMARTOx\.m2\repository\org\springframework\spring-core\5.3.20\spring-core-5.3.20.jar;C:\Users\xMARTOx\.m2\repository\org\springframework\spring-jcl\5.3.20\spring-jcl-5.3.20.jar
Launcher Type: SUN_STANDARD

[Global flags]
     intx CICompilerCount                          = 3                                         {product} {ergonomic}
     uint ConcGCThreads                            = 1                                         {product} {ergonomic}
     uint G1ConcRefinementThreads                  = 4                                         {product} {ergonomic}
   size_t G1HeapRegionSize                         = 1048576                                   {product} {ergonomic}
    uintx GCDrainStackTargetSize                   = 64                                        {product} {ergonomic}
   size_t InitialHeapSize                          = 132120576                                 {product} {ergonomic}
   size_t MarkStackSize                            = 4194304                                   {product} {ergonomic}
   size_t MaxHeapSize                              = 2111832064                                {product} {ergonomic}
   size_t MaxNewSize                               = 1266679808                                {product} {ergonomic}
   size_t MinHeapDeltaBytes                        = 1048576                                   {product} {ergonomic}
   size_t MinHeapSize                              = 8388608                                   {product} {ergonomic}
    uintx NonNMethodCodeHeapSize                   = 5832780                                {pd product} {ergonomic}
    uintx NonProfiledCodeHeapSize                  = 122912730                              {pd product} {ergonomic}
    uintx ProfiledCodeHeapSize                     = 122912730                              {pd product} {ergonomic}
    uintx ReservedCodeCacheSize                    = 251658240                              {pd product} {ergonomic}
     bool SegmentedCodeCache                       = true                                      {product} {ergonomic}
   size_t SoftMaxHeapSize                          = 2111832064                             {manageable} {ergonomic}
     bool UseCompressedClassPointers               = true                           {product lp64_product} {ergonomic}
     bool UseCompressedOops                        = true                           {product lp64_product} {ergonomic}
     bool UseG1GC                                  = true                                      {product} {ergonomic}
     bool UseLargePagesIndividualAllocation        = false                                  {pd product} {ergonomic}

Logging:
Log output configuration:
 #0: stdout all=warning uptime,level,tags foldmultilines=false
 #1: stderr all=off uptime,level,tags foldmultilines=false

Environment Variables:
JAVA_HOME=C:\Program Files\Java\jdk-18
CLASSPATH=C:\Program Files\Java\jdk-18\lib\*.jar
PATH=C:\Program Files\Common Files\Oracle\Java\javapath;C:\Program Files (x86)\Common Files\Oracle\Java\javapath;C:\Program Files (x86)\Common Files\Intel\Shared Libraries\redist\intel64\compiler;C:\WINDOWS\system32;C:\WINDOWS;C:\WINDOWS\System32\Wbem;C:\WINDOWS\System32\WindowsPowerShell\v1.0\;C:\WINDOWS\System32\OpenSSH\;C:\Program Files (x86)\Intel\Intel(R) Management Engine Components\DAL;C:\Program Files\Intel\Intel(R) Management Engine Components\DAL;C:\Program Files\Git\cmd;C:\Program Files\Java\jdk-18\bin;C:\Program Files\nodejs\;C:\ProgramData\chocolatey\bin;C:\Program Files\Java\apache-maven-3.8.2\bin;C:\Program Files\Java\jdk-18;C:\Program Files\MySQL\MySQL Shell 8.0\bin\;C:\Users\xMARTOx\AppData\Local\Microsoft\WindowsApps;C:\Users\xMARTOx\AppData\Local\Programs\Microsoft VS Code\bin;C:\Users\xMARTOx\AppData\Roaming\npm;C:\Program Files\Java\jdk-18;
USERNAME=xMARTOx
OS=Windows_NT
PROCESSOR_IDENTIFIER=Intel64 Family 6 Model 78 Stepping 3, GenuineIntel



---------------  S Y S T E M  ---------------

OS:
 Windows 10 , 64 bit Build 19041 (10.0.19041.1706)
OS uptime: 1 days 20:46 hours

CPU: total 4 (initial active 4) (2 cores per cpu, 2 threads per core) family 6 model 78 stepping 3 microcode 0xcc, cx8, cmov, fxsr, ht, mmx, 3dnowpref, sse, sse2, sse3, ssse3, sse4.1, sse4.2, popcnt, lzcnt, tsc, tscinvbit, avx, avx2, aes, erms, clmul, bmi1, bmi2, adx, fma, vzeroupper, clflush, clflushopt

Memory: 4k page, system-wide physical 8048M (1770M free)
TotalPageFile size 11852M (AvailPageFile size 5M)
current process WorkingSet (physical memory assigned to process): 220M, peak: 228M
current process commit charge ("private bytes"): 251M, peak: 260M

vm_info: Java HotSpot(TM) 64-Bit Server VM (18+36-2087) for windows-amd64 JRE (18+36-2087), built on Feb 15 2022 09:43:11 by "mach5one" with MS VC++ 16.8 / 16.9 (VS2019)

END.
