#
# There is insufficient memory for the Java Runtime Environment to continue.
# Native memory allocation (mmap) failed to map 132120576 bytes for G1 virtual space
# Possible reasons:
#   The system is out of physical RAM or swap space
#   The process is running with CompressedOops enabled, and the Java Heap may be blocking the growth of the native heap
# Possible solutions:
#   Reduce memory load on the system
#   Increase physical memory or swap space
#   Check if swap backing store is full
#   Decrease Java heap size (-Xmx/-Xms)
#   Decrease number of Java threads
#   Decrease Java thread stack sizes (-Xss)
#   Set larger code cache with -XX:ReservedCodeCacheSize=
#   JVM is running with Unscaled Compressed Oops mode in which the Java heap is
#     placed in the first 4GB address space. The Java Heap base address is the
#     maximum limit for the native heap growth. Please use -XX:HeapBaseMinAddress
#     to set the Java Heap base and to place the Java Heap above 4GB virtual address.
# This output file may be truncated or incomplete.
#
#  Out of Memory Error (os_windows.cpp:3530), pid=12212, tid=9224
#
# JRE version:  (18.0+36) (build )
# Java VM: Java HotSpot(TM) 64-Bit Server VM (18+36-2087, mixed mode, sharing, tiered, compressed oops, compressed class ptrs, g1 gc, windows-amd64)
# No core dump will be written. Minidumps are not enabled by default on client versions of Windows
#

---------------  S U M M A R Y ------------

Command Line: ar.com.argentinaprograma.backend.BackendApplication

Host: Intel(R) Core(TM) i5-6200U CPU @ 2.30GHz, 4 cores, 7G,  Windows 10 , 64 bit Build 19041 (10.0.19041.1706)
Time: Mon May 23 12:46:32 2022 Hora estándar de Argentina elapsed time: 0.064029 seconds (0d 0h 0m 0s)

---------------  T H R E A D  ---------------

Current thread (0x000001f952f15080):  JavaThread "Unknown thread" [_thread_in_vm, id=9224, stack(0x000000f4d3c00000,0x000000f4d3d00000)]

Stack: [0x000000f4d3c00000,0x000000f4d3d00000]
Native frames: (J=compiled Java code, j=interpreted, Vv=VM code, C=native code)
V  [jvm.dll+0x69804a]
V  [jvm.dll+0x7f308d]
V  [jvm.dll+0x7f499e]
V  [jvm.dll+0x7f5053]
V  [jvm.dll+0x25ca3f]
V  [jvm.dll+0x694f99]
V  [jvm.dll+0x689aca]
V  [jvm.dll+0x321efb]
V  [jvm.dll+0x3298d6]
V  [jvm.dll+0x37e47e]
V  [jvm.dll+0x37e6af]
V  [jvm.dll+0x2f9c7a]
V  [jvm.dll+0x2facdd]
V  [jvm.dll+0x7c1cc0]
V  [jvm.dll+0x38b801]
V  [jvm.dll+0x7a09d3]
V  [jvm.dll+0x40d6bf]
V  [jvm.dll+0x40f091]
C  [jli.dll+0x526b]
C  [ucrtbase.dll+0x21bb2]
C  [KERNEL32.DLL+0x17034]
C  [ntdll.dll+0x52651]


---------------  P R O C E S S  ---------------

Threads class SMR info:
_java_thread_list=0x00007ff87044e550, length=0, elements={
}

Java Threads: ( => current thread )

Other Threads:
  0x000001f952f72ae0 WorkerThread "GC Thread#0" [stack: 0x000000f4d3d00000,0x000000f4d3e00000] [id=13408]
  0x000001f952f846b0 ConcurrentGCThread "G1 Main Marker" [stack: 0x000000f4d3e00000,0x000000f4d3f00000] [id=10728]
  0x000001f952f85840 WorkerThread "G1 Conc#0" [stack: 0x000000f4d3f00000,0x000000f4d4000000] [id=5924]

[error occurred during error reporting (printing all threads), id 0xc0000005, EXCEPTION_ACCESS_VIOLATION (0xc0000005) at pc=0x00007ff86fc7a217]

VM state: not at safepoint (not fully initialized)

VM Mutex/Monitor currently owned by a thread:  ([mutex/lock_event])
[0x000001f952f10df0] Heap_lock - owner thread: 0x000001f952f15080

Heap address: 0x0000000082200000, size: 2014 MB, Compressed Oops mode: 32-bit

CDS archive(s) mapped at: [0x0000000000000000-0x0000000000000000-0x0000000000000000), size 0, SharedBaseAddress: 0x0000000800000000, ArchiveRelocationMode: 0.
Narrow klass base: 0x0000000000000000, Narrow klass shift: 0, Narrow klass range: 0x0

GC Precious Log:
 CardTable entry size: 512
 Card Set container configuration: InlinePtr #cards 5 size 8 Array Of Cards #cards 12 size 40 Howl #buckets 4 coarsen threshold 1843 Howl Bitmap #cards 512 size 80 coarsen threshold 460 Card regions per heap region 1 cards per card region 2048

Heap:
 garbage-first heap   total 0K, used 0K [0x0000000082200000, 0x0000000100000000)
  region size 1024K, 0 young (0K), 0 survivors (0K)

[error occurred during error reporting (printing heap information), id 0xc0000005, EXCEPTION_ACCESS_VIOLATION (0xc0000005) at pc=0x00007ff870060489]

GC Heap History (0 events):
No events

Deoptimization events (0 events):
No events

Classes loaded (0 events):
No events

Classes unloaded (0 events):
No events

Classes redefined (0 events):
No events

Internal exceptions (0 events):
No events

VM Operations (0 events):
No events

Events (1 events):
Event: 0.008 Loaded shared library C:\Program Files\Java\jdk-18\bin\java.dll


Dynamic libraries:
0x00007ff754040000 - 0x00007ff754050000 	C:\Program Files\Java\jdk-18\bin\java.exe
0x00007ff8c82b0000 - 0x00007ff8c84a5000 	C:\WINDOWS\SYSTEM32\ntdll.dll
0x00007ff88f0f0000 - 0x00007ff88f106000 	C:\Program Files\AVAST Software\Avast\aswhook.dll
0x00007ff8c6830000 - 0x00007ff8c68ed000 	C:\WINDOWS\System32\KERNEL32.DLL
0x00007ff8c5ac0000 - 0x00007ff8c5d8d000 	C:\WINDOWS\System32\KERNELBASE.dll
0x00007ff8c59c0000 - 0x00007ff8c5ac0000 	C:\WINDOWS\System32\ucrtbase.dll
0x00007ff89bf20000 - 0x00007ff89bf38000 	C:\Program Files\Java\jdk-18\bin\jli.dll
0x00007ff8c0930000 - 0x00007ff8c094a000 	C:\Program Files\Java\jdk-18\bin\VCRUNTIME140.dll
0x00007ff8c7430000 - 0x00007ff8c74de000 	C:\WINDOWS\System32\ADVAPI32.dll
0x00007ff8c6790000 - 0x00007ff8c682e000 	C:\WINDOWS\System32\msvcrt.dll
0x00007ff8c6bc0000 - 0x00007ff8c6c5c000 	C:\WINDOWS\System32\sechost.dll
0x00007ff8c6440000 - 0x00007ff8c6565000 	C:\WINDOWS\System32\RPCRT4.dll
0x00007ff8c7230000 - 0x00007ff8c73d0000 	C:\WINDOWS\System32\USER32.dll
0x00007ff8b2d50000 - 0x00007ff8b2fea000 	C:\WINDOWS\WinSxS\amd64_microsoft.windows.common-controls_6595b64144ccf1df_6.0.19041.1110_none_60b5254171f9507e\COMCTL32.dll
0x00007ff8c6220000 - 0x00007ff8c6242000 	C:\WINDOWS\System32\win32u.dll
0x00007ff8c7d10000 - 0x00007ff8c7d3a000 	C:\WINDOWS\System32\GDI32.dll
0x00007ff8c5f90000 - 0x00007ff8c609b000 	C:\WINDOWS\System32\gdi32full.dll
0x00007ff8c5d90000 - 0x00007ff8c5e2d000 	C:\WINDOWS\System32\msvcp_win.dll
0x00007ff8be700000 - 0x00007ff8be70a000 	C:\WINDOWS\SYSTEM32\VERSION.dll
0x00007ff8c6580000 - 0x00007ff8c65b0000 	C:\WINDOWS\System32\IMM32.DLL
0x00007ff8c1180000 - 0x00007ff8c118c000 	C:\Program Files\Java\jdk-18\bin\vcruntime140_1.dll
0x00007ff898230000 - 0x00007ff8982bd000 	C:\Program Files\Java\jdk-18\bin\msvcp140.dll
0x00007ff86f970000 - 0x00007ff870581000 	C:\Program Files\Java\jdk-18\bin\server\jvm.dll
0x00007ff8c71c0000 - 0x00007ff8c71c8000 	C:\WINDOWS\System32\PSAPI.DLL
0x00007ff8af630000 - 0x00007ff8af639000 	C:\WINDOWS\SYSTEM32\WSOCK32.dll
0x00007ff8b08f0000 - 0x00007ff8b0917000 	C:\WINDOWS\SYSTEM32\WINMM.dll
0x00007ff8c6aa0000 - 0x00007ff8c6b0b000 	C:\WINDOWS\System32\WS2_32.dll
0x00007ff8c3910000 - 0x00007ff8c3922000 	C:\WINDOWS\SYSTEM32\kernel.appcore.dll
0x00007ff8c0450000 - 0x00007ff8c045a000 	C:\Program Files\Java\jdk-18\bin\jimage.dll
0x00007ff8c31b0000 - 0x00007ff8c3394000 	C:\WINDOWS\SYSTEM32\DBGHELP.DLL
0x00007ff8b6ad0000 - 0x00007ff8b6afc000 	C:\WINDOWS\SYSTEM32\dbgcore.DLL
0x00007ff8c60d0000 - 0x00007ff8c6152000 	C:\WINDOWS\System32\bcryptPrimitives.dll
0x00007ff8c0900000 - 0x00007ff8c0925000 	C:\Program Files\Java\jdk-18\bin\java.dll

dbghelp: loaded successfully - version: 4.0.5 - missing functions: none
symbol engine: initialized successfully - sym options: 0x614 - pdb path: .;C:\Program Files\Java\jdk-18\bin;C:\WINDOWS\SYSTEM32;C:\Program Files\AVAST Software\Avast;C:\WINDOWS\WinSxS\amd64_microsoft.windows.common-controls_6595b64144ccf1df_6.0.19041.1110_none_60b5254171f9507e;C:\Program Files\Java\jdk-18\bin\server

VM Arguments:
java_command: ar.com.argentinaprograma.backend.BackendApplication
java_class_path (initial): C:\Java\backend\target\classes;C:\Users\xMARTOx\.m2\repository\org\springframework\boot\spring-boot-starter-data-jpa\2.7.0\spring-boot-starter-data-jpa-2.7.0.jar;C:\Users\xMARTOx\.m2\repository\org\springframework\boot\spring-boot-starter-aop\2.7.0\spring-boot-starter-aop-2.7.0.jar;C:\Users\xMARTOx\.m2\repository\org\springframework\spring-aop\5.3.20\spring-aop-5.3.20.jar;C:\Users\xMARTOx\.m2\repository\org\aspectj\aspectjweaver\1.9.7\aspectjweaver-1.9.7.jar;C:\Users\xMARTOx\.m2\repository\org\springframework\boot\spring-boot-starter-jdbc\2.7.0\spring-boot-starter-jdbc-2.7.0.jar;C:\Users\xMARTOx\.m2\repository\com\zaxxer\HikariCP\4.0.3\HikariCP-4.0.3.jar;C:\Users\xMARTOx\.m2\repository\org\springframework\spring-jdbc\5.3.20\spring-jdbc-5.3.20.jar;C:\Users\xMARTOx\.m2\repository\jakarta\transaction\jakarta.transaction-api\1.3.3\jakarta.transaction-api-1.3.3.jar;C:\Users\xMARTOx\.m2\repository\jakarta\persistence\jakarta.persistence-api\2.2.3\jakarta.persistence-api-2.2.3.jar;C:\Users\xMARTOx\.m2\repository\org\hibernate\hibernate-core\5.6.9.Final\hibernate-core-5.6.9.Final.jar;C:\Users\xMARTOx\.m2\repository\org\jboss\logging\jboss-logging\3.4.3.Final\jboss-logging-3.4.3.Final.jar;C:\Users\xMARTOx\.m2\repository\net\bytebuddy\byte-buddy\1.12.10\byte-buddy-1.12.10.jar;C:\Users\xMARTOx\.m2\repository\antlr\antlr\2.7.7\antlr-2.7.7.jar;C:\Users\xMARTOx\.m2\repository\org\jboss\jandex\2.4.2.Final\jandex-2.4.2.Final.jar;C:\Users\xMARTOx\.m2\repository\com\fasterxml\classmate\1.5.1\classmate-1.5.1.jar;C:\Users\xMARTOx\.m2\repository\org\hibernate\common\hibernate-commons-annotations\5.1.2.Final\hibernate-commons-annotations-5.1.2.Final.jar;C:\Users\xMARTOx\.m2\repository\org\glassfish\jaxb\jaxb-runtime\2.3.6\jaxb-runtime-2.3.6.jar;C:\Users\xMARTOx\.m2\repository\org\glassfish\jaxb\txw2\2.3.6\txw2-2.3.6.jar;C:\Users\xMARTOx\.m2\repository\com\sun\istack\istack-commons-runtime\3.0.12\istack-commons-runtime-3.0.12.jar;C:\Users\xMARTOx\.m2\repository\org\springframework\data\spring-data-jpa\2.7.0\spring-data-jpa-2.7.0.jar;C:\Users\xMARTOx\.m2\repository\org\springframework\data\spring-data-commons\2.7.0\spring-data-commons-2.7.0.jar;C:\Users\xMARTOx\.m2\repository\org\springframework\spring-orm\5.3.20\spring-orm-5.3.20.jar;C:\Users\xMARTOx\.m2\repository\org\springframework\spring-context\5.3.20\spring-context-5.3.20.jar;C:\Users\xMARTOx\.m2\repository\org\springframework\spring-expression\5.3.20\spring-expression-5.3.20.jar;C:\Users\xMARTOx\.m2\repository\org\springframework\spring-tx\5.3.20\spring-tx-5.3.20.jar;C:\Users\xMARTOx\.m2\repository\org\springframework\spring-beans\5.3.20\spring-beans-5.3.20.jar;C:\Users\xMARTOx\.m2\repository\org\slf4j\slf4j-api\1.7.36\slf4j-api-1.7.36.jar;C:\Users\xMARTOx\.m2\repository\org\springframework\spring-aspects\5.3.20\spring-aspects-5.3.20.jar;C:\Users\xMARTOx\.m2\repository\org\springframework\boot\spring-boot-starter-data-rest\2.7.0\spring-boot-starter-data-rest-2.7.0.jar;C:\Users\xMARTOx\.m2\repository\org\springframework\boot\spring-boot-starter-web\2.7.0\spring-boot-starter-web-2.7.0.jar;C:\Users\xMARTOx\.m2\repository\org\springframework\boot\spring-boot-starter-json\2.7.0\spring-boot-starter-json-2.7.0.jar;C:\Users\xMARTOx\.m2\repository\com\fasterxml\jackson\datatype\jackson-datatype-jdk8\2.13.3\jackson-datatype-jdk8-2.13.3.jar;C:\Users\xMARTOx\.m2\repository\com\fasterxml\jackson\datatype\jackson-datatype-jsr310\2.13.3\jackson-datatype-jsr310-2.13.3.jar;C:\Users\xMARTOx\.m2\repository\com\fasterxml\jackson\module\jackson-module-parameter-names\2.13.3\jackson-module-parameter-names-2.13.3.jar;C:\Users\xMARTOx\.m2\repository\org\springframework\boot\spring-boot-starter-tomcat\2.7.0\spring-boot-starter-tomcat-2.7.0.jar;C:\Users\xMARTOx\.m2\repository\org\apache\tomcat\embed\tomcat-embed-core\9.0.63\tomcat-embed-core-9.0.63.jar;C:\Users\xMARTOx\.m2\repository\org\apache\tomcat\embed\tomcat-embed-el\9.0.63\tomcat-embed-el-9.0.63.jar;C:\Users\xMARTOx\.m2\repository\org\apache\tomcat\embed\tomcat-embed-websocket\9.0.63\tomcat-embed-websocket-9.0.63.jar;C:\Users\xMARTOx\.m2\repository\org\springframework\spring-web\5.3.20\spring-web-5.3.20.jar;C:\Users\xMARTOx\.m2\repository\org\springframework\spring-webmvc\5.3.20\spring-webmvc-5.3.20.jar;C:\Users\xMARTOx\.m2\repository\org\springframework\data\spring-data-rest-webmvc\3.7.0\spring-data-rest-webmvc-3.7.0.jar;C:\Users\xMARTOx\.m2\repository\org\springframework\data\spring-data-rest-core\3.7.0\spring-data-rest-core-3.7.0.jar;C:\Users\xMARTOx\.m2\repository\org\springframework\hateoas\spring-hateoas\1.5.0\spring-hateoas-1.5.0.jar;C:\Users\xMARTOx\.m2\repository\org\springframework\plugin\spring-plugin-core\2.0.0.RELEASE\spring-plugin-core-2.0.0.RELEASE.jar;C:\Users\xMARTOx\.m2\repository\org\atteo\evo-inflector\1.3\evo-inflector-1.3.jar;C:\Users\xMARTOx\.m2\repository\com\fasterxml\jackson\core\jackson-databind\2.13.3\jackson-databind-2.13.3.jar;C:\Users\xMARTOx\.m2\repository\com\fasterxml\jackson\core\jackson-core\2.13.3\jackson-core-2.13.3.jar;C:\Users\xMARTOx\.m2\repository\com\fasterxml\jackson\core\jackson-annotations\2.13.3\jackson-annotations-2.13.3.jar;C:\Users\xMARTOx\.m2\repository\org\springframework\boot\spring-boot-starter-web-services\2.7.0\spring-boot-starter-web-services-2.7.0.jar;C:\Users\xMARTOx\.m2\repository\com\sun\xml\messaging\saaj\saaj-impl\1.5.3\saaj-impl-1.5.3.jar;C:\Users\xMARTOx\.m2\repository\jakarta\xml\soap\jakarta.xml.soap-api\1.4.2\jakarta.xml.soap-api-1.4.2.jar;C:\Users\xMARTOx\.m2\repository\org\jvnet\staxex\stax-ex\1.8.3\stax-ex-1.8.3.jar;C:\Users\xMARTOx\.m2\repository\com\sun\activation\jakarta.activation\1.2.2\jakarta.activation-1.2.2.jar;C:\Users\xMARTOx\.m2\repository\jakarta\xml\ws\jakarta.xml.ws-api\2.3.3\jakarta.xml.ws-api-2.3.3.jar;C:\Users\xMARTOx\.m2\repository\jakarta\jws\jakarta.jws-api\2.1.0\jakarta.jws-api-2.1.0.jar;C:\Users\xMARTOx\.m2\repository\org\springframework\spring-oxm\5.3.20\spring-oxm-5.3.20.jar;C:\Users\xMARTOx\.m2\repository\org\springframework\ws\spring-ws-core\3.1.3\spring-ws-core-3.1.3.jar;C:\Users\xMARTOx\.m2\repository\org\springframework\ws\spring-xml\3.1.3\spring-xml-3.1.3.jar;C:\Users\xMARTOx\.m2\repository\org\springframework\boot\spring-boot-devtools\2.7.0\spring-boot-devtools-2.7.0.jar;C:\Users\xMARTOx\.m2\repository\org\springframework\boot\spring-boot\2.7.0\spring-boot-2.7.0.jar;C:\Users\xMARTOx\.m2\repository\org\springframework\boot\spring-boot-autoconfigure\2.7.0\spring-boot-autoconfigure-2.7.0.jar;C:\Users\xMARTOx\.m2\repository\mysql\mysql-connector-java\8.0.29\mysql-connector-java-8.0.29.jar;C:\Users\xMARTOx\.m2\repository\org\springframework\boot\spring-boot-starter\2.7.0\spring-boot-starter-2.7.0.jar;C:\Users\xMARTOx\.m2\repository\org\springframework\boot\spring-boot-starter-logging\2.7.0\spring-boot-starter-logging-2.7.0.jar;C:\Users\xMARTOx\.m2\repository\ch\qos\logback\logback-classic\1.2.11\logback-classic-1.2.11.jar;C:\Users\xMARTOx\.m2\repository\ch\qos\logback\logback-core\1.2.11\logback-core-1.2.11.jar;C:\Users\xMARTOx\.m2\repository\org\apache\logging\log4j\log4j-to-slf4j\2.17.2\log4j-to-slf4j-2.17.2.jar;C:\Users\xMARTOx\.m2\repository\org\apache\logging\log4j\log4j-api\2.17.2\log4j-api-2.17.2.jar;C:\Users\xMARTOx\.m2\repository\org\slf4j\jul-to-slf4j\1.7.36\jul-to-slf4j-1.7.36.jar;C:\Users\xMARTOx\.m2\repository\jakarta\annotation\jakarta.annotation-api\1.3.5\jakarta.annotation-api-1.3.5.jar;C:\Users\xMARTOx\.m2\repository\org\yaml\snakeyaml\1.30\snakeyaml-1.30.jar;C:\Users\xMARTOx\.m2\repository\com\jayway\jsonpath\json-path\2.7.0\json-path-2.7.0.jar;C:\Users\xMARTOx\.m2\repository\net\minidev\json-smart\2.4.8\json-smart-2.4.8.jar;C:\Users\xMARTOx\.m2\repository\net\minidev\accessors-smart\2.4.8\accessors-smart-2.4.8.jar;C:\Users\xMARTOx\.m2\repository\org\ow2\asm\asm\9.1\asm-9.1.jar;C:\Users\xMARTOx\.m2\repository\jakarta\xml\bind\jakarta.xml.bind-api\2.3.3\jakarta.xml.bind-api-2.3.3.jar;C:\Users\xMARTOx\.m2\repository\jakarta\activation\jakarta.activation-api\1.2.2\jakarta.activation-api-1.2.2.jar;C:\Users\xMARTOx\.m2\repository\org\springframework\spring-core\5.3.20\spring-core-5.3.20.jar;C:\Users\xMARTOx\.m2\repository\org\springframework\spring-jcl\5.3.20\spring-jcl-5.3.20.jar
Launcher Type: SUN_STANDARD

[Global flags]
     intx CICompilerCount                          = 3                                         {product} {ergonomic}
     uint ConcGCThreads                            = 1                                         {product} {ergonomic}
     uint G1ConcRefinementThreads                  = 4                                         {product} {ergonomic}
   size_t G1HeapRegionSize                         = 1048576                                   {product} {ergonomic}
    uintx GCDrainStackTargetSize                   = 64                                        {product} {ergonomic}
   size_t InitialHeapSize                          = 132120576                                 {product} {ergonomic}
   size_t MarkStackSize                            = 4194304                                   {product} {ergonomic}
   size_t MaxHeapSize                              = 2111832064                                {product} {ergonomic}
   size_t MinHeapDeltaBytes                        = 1048576                                   {product} {ergonomic}
   size_t MinHeapSize                              = 8388608                                   {product} {ergonomic}
    uintx NonNMethodCodeHeapSize                   = 5832780                                {pd product} {ergonomic}
    uintx NonProfiledCodeHeapSize                  = 122912730                              {pd product} {ergonomic}
    uintx ProfiledCodeHeapSize                     = 122912730                              {pd product} {ergonomic}
    uintx ReservedCodeCacheSize                    = 251658240                              {pd product} {ergonomic}
     bool SegmentedCodeCache                       = true                                      {product} {ergonomic}
   size_t SoftMaxHeapSize                          = 2111832064                             {manageable} {ergonomic}
     bool UseCompressedClassPointers               = true                           {product lp64_product} {ergonomic}
     bool UseCompressedOops                        = true                           {product lp64_product} {ergonomic}
     bool UseG1GC                                  = true                                      {product} {ergonomic}
     bool UseLargePagesIndividualAllocation        = false                                  {pd product} {ergonomic}

Logging:
Log output configuration:
 #0: stdout all=warning uptime,level,tags foldmultilines=false
 #1: stderr all=off uptime,level,tags foldmultilines=false

Environment Variables:
JAVA_HOME=C:\Program Files\Java\jdk-18
CLASSPATH=C:\Program Files\Java\jdk-18\lib\*.jar
PATH=C:\Program Files\Common Files\Oracle\Java\javapath;C:\Program Files (x86)\Common Files\Oracle\Java\javapath;C:\Program Files (x86)\Common Files\Intel\Shared Libraries\redist\intel64\compiler;C:\WINDOWS\system32;C:\WINDOWS;C:\WINDOWS\System32\Wbem;C:\WINDOWS\System32\WindowsPowerShell\v1.0\;C:\WINDOWS\System32\OpenSSH\;C:\Program Files (x86)\Intel\Intel(R) Management Engine Components\DAL;C:\Program Files\Intel\Intel(R) Management Engine Components\DAL;C:\Program Files\Git\cmd;C:\Program Files\Java\jdk-18\bin;C:\Program Files\nodejs\;C:\ProgramData\chocolatey\bin;C:\Program Files\Java\apache-maven-3.8.2\bin;C:\Program Files\Java\jdk-18;C:\Program Files\MySQL\MySQL Shell 8.0\bin\;C:\Users\xMARTOx\AppData\Local\Microsoft\WindowsApps;C:\Users\xMARTOx\AppData\Local\Programs\Microsoft VS Code\bin;C:\Users\xMARTOx\AppData\Roaming\npm;C:\Program Files\Java\jdk-18;
USERNAME=xMARTOx
OS=Windows_NT
PROCESSOR_IDENTIFIER=Intel64 Family 6 Model 78 Stepping 3, GenuineIntel



---------------  S Y S T E M  ---------------

OS:
 Windows 10 , 64 bit Build 19041 (10.0.19041.1706)
OS uptime: 1 days 20:47 hours

CPU: total 4 (initial active 4) (2 cores per cpu, 2 threads per core) family 6 model 78 stepping 3 microcode 0xcc, cx8, cmov, fxsr, ht, mmx, 3dnowpref, sse, sse2, sse3, ssse3, sse4.1, sse4.2, popcnt, lzcnt, tsc, tscinvbit, avx, avx2, aes, erms, clmul, bmi1, bmi2, adx, fma, vzeroupper, clflush, clflushopt

Memory: 4k page, system-wide physical 8048M (1421M free)
TotalPageFile size 11852M (AvailPageFile size 126M)
current process WorkingSet (physical memory assigned to process): 10M, peak: 10M
current process commit charge ("private bytes"): 52M, peak: 178M

vm_info: Java HotSpot(TM) 64-Bit Server VM (18+36-2087) for windows-amd64 JRE (18+36-2087), built on Feb 15 2022 09:43:11 by "mach5one" with MS VC++ 16.8 / 16.9 (VS2019)

END.
